[I] 2016-04-11 21:17:40.461 - node version is v4.3.0, toolkit version is 1.3.5
[I] 2016-04-11 21:17:40.476 - parse config file /Users/huntbao/youfan-todoweb-sample/deploy/release.11443.conf
[D] 2016-04-11 21:17:40.483 - config result -> {"DIR_CONFIG":"/Users/huntbao/youfan-todoweb-sample/deploy/","DIR_WEBROOT":"/Users/huntbao/youfan-todoweb-sample/src/main/webapp/","DIR_OUTPUT":"/Users/huntbao/youfan-todoweb-sample/src/main/webapp/","DIR_SOURCE_TP":"/Users/huntbao/youfan-todoweb-sample/src/main/webapp/WEB-INF/views/","DIR_OUTPUT_TP":"/Users/huntbao/youfan-todoweb-sample/src/main/webapp/WEB-INF/views.out/","DIR_OUTPUT_STATIC":"/Users/huntbao/youfan-todoweb-sample/src/main/webapp/r/","DIR_STATIC":"/Users/huntbao/youfan-todoweb-sample/src/main/webapp/res/","ALIAS_MATCH":{},"ALIAS_DICTIONARY":{"csRoot":"/src/css/","jsRoot":"/src/javascript/","nejRoot":"/src/javascript/lib/nej/define.js"},"DM_STATIC":[],"DM_STATIC_CS":[],"DM_STATIC_JS":[],"DM_STATIC_RS":[],"FILE_FILTER":{},"FILE_CHARSET":"utf-8","VERSION_MODE":0,"VERSION_STATIC":false,"CORE_MERGE_FLAG":1,"CORE_NOPARSE_FLAG":0,"WRP_INLINE_SOURCE":"%s","CPRS_FLAG":0,"CPRS_KEEP_COMMENT":false,"NEJ_DIR":"/Users/huntbao/youfan-todoweb-sample/src/main/webapp/src/javascript/lib/nej/src/","NEJ_REGULAR":"/Users/huntbao/youfan-todoweb-sample/src/main/webapp/src/javascript/lib/regularjs/dist/regular.js","NEJ_PLATFORM":"","NEJ_PROCESSOR":{},"NEJ_INJECTOR":"I$","NEI_PROJECT_ID":11443,"OPT_IMAGE_FLAG":false,"OPT_IMAGE_QUALITY":100,"MANIFEST_OUTPUT":"/Users/huntbao/youfan-todoweb-sample/src/main/webapp/cache.manifest","MANIFEST_TEMPLATE":"CACHE MANIFEST\n#VERSION = #<VERSION>\n\nCACHE:\n#<CACHE_LIST>\n\nNETWORK:\n*\n\nFALLBACK:\n","OBF_LEVEL":0,"OBF_NAME_BAGS":"/Users/huntbao/youfan-todoweb-sample/deploy/names.json","OBF_COMPATIBLE":true,"OBF_SOURCE_MAP":false,"OBF_MAX_CS_INLINE_SIZE":50,"OBF_MAX_JS_INLINE_SIZE":0,"OBF_CORE_INLINE_FLAG":0,"OBF_DROP_CONSOLE":false,"CORE_FREQUENCY_JS":2,"CORE_FREQUENCY_CS":2,"CORE_IGNORE_ENTRY":false,"WRP_SCRIPT_SOURCE":"%s","WRP_INLINE_CS":"<textarea name=\"css\">%s</textarea>","WRP_EXLINE_CS":"<textarea name=\"css\" data-src=\"%s\"></textarea>","WRP_INLINE_JS":"<textarea name=\"js\">%s</textarea>","WRP_EXLINE_JS":"<textarea name=\"js\" data-src=\"%s\"></textarea>","WRP_INLINE_TP":"<textarea id=\"%s\" name=\"%s\">%s</textarea>","WRP_INLINE_STYLE":"<style type=\"text/css\">\n%s\n</style>","WRP_EXLINE_STYLE":"<link rel=\"stylesheet\" href=\"%s\"/>","WRP_INLINE_SCRIPT":"<script>\n%s\n</script>","WRP_EXLINE_SCRIPT":"<script src=\"%s\"></script>","X_AUTO_EXLINK_PATH":false,"X_AUTO_EXLINK_SCRIPT":false,"X_RELEASE_MODE":"online","X_LOGGER_LEVEL":"ALL","X_LOGGER_FILE":"/Users/huntbao/youfan-todoweb-sample/deploy/20160411211740483.log","":""}
[D] 2016-04-11 21:17:40.484 - overwrite X_RELEASE_MODE to online
[D] 2016-04-11 21:17:40.484 - overwrite X_LOGGER_LEVEL to ALL
[I] 2016-04-11 21:17:40.484 - cache nej config
[I] 2016-04-11 21:17:40.484 - prepare merge config
[I] 2016-04-11 21:17:40.486 - dump html files
[I] 2016-04-11 21:17:40.489 - dump template files
[I] 2016-04-11 21:17:40.489 - parse input files
[D] 2016-04-11 21:17:40.491 - loading resource /Users/huntbao/youfan-todoweb-sample/src/main/webapp/WEB-INF/views/common/config.ftl
[D] 2016-04-11 21:17:40.491 - loading resource /Users/huntbao/youfan-todoweb-sample/src/main/webapp/WEB-INF/views/common/macro.ftl
[D] 2016-04-11 21:17:40.492 - loading resource /Users/huntbao/youfan-todoweb-sample/src/main/webapp/WEB-INF/views/pages/index.ftl
[D] 2016-04-11 21:17:40.492 - loading resource /Users/huntbao/youfan-todoweb-sample/src/main/webapp/WEB-INF/views/pages/login.ftl
[D] 2016-04-11 21:17:40.494 - parse resource /Users/huntbao/youfan-todoweb-sample/src/main/webapp/WEB-INF/views/common/config.ftl
[D] 2016-04-11 21:17:40.499 - parse resource /Users/huntbao/youfan-todoweb-sample/src/main/webapp/WEB-INF/views/common/macro.ftl
[D] 2016-04-11 21:17:40.502 - loading resource /Users/huntbao/youfan-todoweb-sample/src/main/webapp/src/css/base.css
[D] 2016-04-11 21:17:40.502 - parse resource /Users/huntbao/youfan-todoweb-sample/src/main/webapp/WEB-INF/views/pages/index.ftl
[D] 2016-04-11 21:17:40.506 - loading resource /Users/huntbao/youfan-todoweb-sample/src/main/webapp/src/css/pages/index.bundle.css
[D] 2016-04-11 21:17:40.507 - loading resource /Users/huntbao/youfan-todoweb-sample/src/main/webapp/src/css/pages/index.css
[D] 2016-04-11 21:17:40.507 - loading resource /Users/huntbao/youfan-todoweb-sample/src/main/webapp/src/css/pages/login.css
[D] 2016-04-11 21:17:40.509 - loading resource /usr/local/lib/node_modules/nej/lib/script/nej/define.js
[D] 2016-04-11 21:17:40.510 - loading resource /Users/huntbao/youfan-todoweb-sample/src/main/webapp/src/javascript/pages/common.js
[D] 2016-04-11 21:17:40.510 - loading resource /Users/huntbao/youfan-todoweb-sample/src/main/webapp/src/javascript/pages/index.bundle.js
[D] 2016-04-11 21:17:40.511 - parse resource /Users/huntbao/youfan-todoweb-sample/src/main/webapp/WEB-INF/views/pages/inline-1460380660387
[D] 2016-04-11 21:17:40.517 - cache nej dependency /Users/huntbao/youfan-todoweb-sample/src/main/webapp/WEB-INF/views/pages/inline-1460380660387 -> ["/usr/local/lib/node_modules/nej/lib/script/nej/define.js",{"uri":"/Users/huntbao/youfan-todoweb-sample/src/main/webapp/src/javascript/pages/index.js"},{"uri":"/Users/huntbao/youfan-todoweb-sample/src/main/webapp/src/javascript/pages/login.js"}]
[D] 2016-04-11 21:17:40.517 - loading resource /Users/huntbao/youfan-todoweb-sample/src/main/webapp/src/javascript/pages/index.js
[D] 2016-04-11 21:17:40.518 - loading resource /Users/huntbao/youfan-todoweb-sample/src/main/webapp/src/javascript/pages/login.js
[D] 2016-04-11 21:17:40.518 - parse resource /Users/huntbao/youfan-todoweb-sample/src/main/webapp/WEB-INF/views/pages/login.ftl
[W] 2016-04-11 21:17:40.520 - auto set nej define.js -> /src/javascript/lib/nej/define.js
[D] 2016-04-11 21:17:40.522 - loading resource /Users/huntbao/youfan-todoweb-sample/src/main/webapp/src/css/pages/login.bundle.css
[D] 2016-04-11 21:17:40.523 - loading resource /Users/huntbao/youfan-todoweb-sample/src/main/webapp/src/javascript/pages/login.bundle.js
[D] 2016-04-11 21:17:40.523 - parse resource /Users/huntbao/youfan-todoweb-sample/src/main/webapp/WEB-INF/views/pages/inline-1460380660388
[D] 2016-04-11 21:17:40.525 - cache nej dependency /Users/huntbao/youfan-todoweb-sample/src/main/webapp/WEB-INF/views/pages/inline-1460380660388 -> ["/usr/local/lib/node_modules/nej/lib/script/nej/define.js",{"uri":"/Users/huntbao/youfan-todoweb-sample/src/main/webapp/src/javascript/pages/login.js"}]
[D] 2016-04-11 21:17:40.527 - parse resource /Users/huntbao/youfan-todoweb-sample/src/main/webapp/src/css/base.css
[D] 2016-04-11 21:17:40.541 - parse resource /Users/huntbao/youfan-todoweb-sample/src/main/webapp/src/css/pages/index.bundle.css
[D] 2016-04-11 21:17:40.546 - parse resource /Users/huntbao/youfan-todoweb-sample/src/main/webapp/src/css/pages/index.css
[D] 2016-04-11 21:17:40.547 - parse resource /Users/huntbao/youfan-todoweb-sample/src/main/webapp/src/css/pages/login.css
[D] 2016-04-11 21:17:40.547 - parse resource /usr/local/lib/node_modules/nej/lib/script/nej/define.js
[D] 2016-04-11 21:17:40.547 - parse resource /Users/huntbao/youfan-todoweb-sample/src/main/webapp/src/javascript/pages/common.js
[D] 2016-04-11 21:17:40.550 - parse resource /Users/huntbao/youfan-todoweb-sample/src/main/webapp/src/javascript/pages/index.js
[D] 2016-04-11 21:17:40.552 - cache nej dependency /Users/huntbao/youfan-todoweb-sample/src/main/webapp/src/javascript/pages/index.js -> ["/usr/local/lib/node_modules/nej/lib/script/nej/define.js",{"uri":"/Users/huntbao/youfan-todoweb-sample/src/main/webapp/src/javascript/lib/nej/src/base/klass.js"},{"uri":"/Users/huntbao/youfan-todoweb-sample/src/main/webapp/src/javascript/widget/module.js"}]
[D] 2016-04-11 21:17:40.552 - loading resource /Users/huntbao/youfan-todoweb-sample/src/main/webapp/src/javascript/lib/nej/src/base/klass.js
[D] 2016-04-11 21:17:40.553 - loading resource /Users/huntbao/youfan-todoweb-sample/src/main/webapp/src/javascript/widget/module.js
[D] 2016-04-11 21:17:40.553 - parse resource /Users/huntbao/youfan-todoweb-sample/src/main/webapp/src/javascript/pages/login.bundle.js
[D] 2016-04-11 21:17:40.554 - parse resource /Users/huntbao/youfan-todoweb-sample/src/main/webapp/src/javascript/pages/login.js
[D] 2016-04-11 21:17:40.555 - cache nej dependency /Users/huntbao/youfan-todoweb-sample/src/main/webapp/src/javascript/pages/login.js -> ["/usr/local/lib/node_modules/nej/lib/script/nej/define.js",{"uri":"/Users/huntbao/youfan-todoweb-sample/src/main/webapp/src/javascript/lib/nej/src/base/klass.js"},{"uri":"/Users/huntbao/youfan-todoweb-sample/src/main/webapp/src/javascript/widget/module.js"},{"uri":"/Users/huntbao/youfan-todoweb-sample/src/main/webapp/src/javascript/lib/nej/src/base/element.js"},{"uri":"/Users/huntbao/youfan-todoweb-sample/src/main/webapp/src/javascript/lib/nej/src/base/event.js"}]
[D] 2016-04-11 21:17:40.556 - loading resource /Users/huntbao/youfan-todoweb-sample/src/main/webapp/src/javascript/lib/nej/src/base/element.js
[D] 2016-04-11 21:17:40.557 - loading resource /Users/huntbao/youfan-todoweb-sample/src/main/webapp/src/javascript/lib/nej/src/base/event.js
[D] 2016-04-11 21:17:40.557 - parse resource /Users/huntbao/youfan-todoweb-sample/src/main/webapp/src/css/pages/login.bundle.css
[D] 2016-04-11 21:17:40.560 - parse resource /Users/huntbao/youfan-todoweb-sample/src/main/webapp/src/javascript/pages/index.bundle.js
[D] 2016-04-11 21:17:40.574 - parse resource /Users/huntbao/youfan-todoweb-sample/src/main/webapp/src/javascript/lib/nej/src/base/klass.js
[D] 2016-04-11 21:17:40.577 - cache nej dependency /Users/huntbao/youfan-todoweb-sample/src/main/webapp/src/javascript/lib/nej/src/base/klass.js -> ["/usr/local/lib/node_modules/nej/lib/script/nej/define.js",{"uri":"/Users/huntbao/youfan-todoweb-sample/src/main/webapp/src/javascript/lib/nej/src/base/global.js"},{"uri":"/Users/huntbao/youfan-todoweb-sample/src/main/webapp/src/javascript/lib/nej/src/base/platform/util.js","patch":"/Users/huntbao/youfan-todoweb-sample/src/main/webapp/src/javascript/lib/nej/src/base/platform/util.patch.js"}]
[D] 2016-04-11 21:17:40.577 - loading resource /Users/huntbao/youfan-todoweb-sample/src/main/webapp/src/javascript/lib/nej/src/base/global.js
[D] 2016-04-11 21:17:40.578 - loading resource /Users/huntbao/youfan-todoweb-sample/src/main/webapp/src/javascript/lib/nej/src/base/platform/util.js
[D] 2016-04-11 21:17:40.578 - loading resource /Users/huntbao/youfan-todoweb-sample/src/main/webapp/src/javascript/lib/nej/src/base/platform/util.patch.js
[D] 2016-04-11 21:17:40.578 - parse resource /Users/huntbao/youfan-todoweb-sample/src/main/webapp/src/javascript/widget/module.js
[D] 2016-04-11 21:17:40.581 - cache nej dependency /Users/huntbao/youfan-todoweb-sample/src/main/webapp/src/javascript/widget/module.js -> ["/usr/local/lib/node_modules/nej/lib/script/nej/define.js",{"uri":"/Users/huntbao/youfan-todoweb-sample/src/main/webapp/src/javascript/lib/nej/src/base/klass.js"},{"uri":"/Users/huntbao/youfan-todoweb-sample/src/main/webapp/src/javascript/lib/nej/src/util/event.js"}]
[D] 2016-04-11 21:17:40.581 - loading resource /Users/huntbao/youfan-todoweb-sample/src/main/webapp/src/javascript/lib/nej/src/util/event.js
[D] 2016-04-11 21:17:40.585 - parse resource /Users/huntbao/youfan-todoweb-sample/src/main/webapp/src/javascript/lib/nej/src/base/element.js
[D] 2016-04-11 21:17:40.590 - cache nej dependency /Users/huntbao/youfan-todoweb-sample/src/main/webapp/src/javascript/lib/nej/src/base/element.js -> ["/usr/local/lib/node_modules/nej/lib/script/nej/define.js",{"uri":"/Users/huntbao/youfan-todoweb-sample/src/main/webapp/src/javascript/lib/nej/src/base/global.js"},{"uri":"/Users/huntbao/youfan-todoweb-sample/src/main/webapp/src/javascript/lib/nej/src/base/constant.js"},{"uri":"/Users/huntbao/youfan-todoweb-sample/src/main/webapp/src/javascript/lib/nej/src/base/util.js"},{"uri":"/Users/huntbao/youfan-todoweb-sample/src/main/webapp/src/javascript/lib/nej/src/base/event.js"},{"uri":"/Users/huntbao/youfan-todoweb-sample/src/main/webapp/src/javascript/lib/nej/src/base/chain.js"},{"uri":"/Users/huntbao/youfan-todoweb-sample/src/main/webapp/src/javascript/lib/nej/src/base/platform/element.js","patch":"/Users/huntbao/youfan-todoweb-sample/src/main/webapp/src/javascript/lib/nej/src/base/platform/element.patch.js"}]
[D] 2016-04-11 21:17:40.592 - loading resource /Users/huntbao/youfan-todoweb-sample/src/main/webapp/src/javascript/lib/nej/src/base/constant.js
[D] 2016-04-11 21:17:40.592 - loading resource /Users/huntbao/youfan-todoweb-sample/src/main/webapp/src/javascript/lib/nej/src/base/util.js
[D] 2016-04-11 21:17:40.593 - loading resource /Users/huntbao/youfan-todoweb-sample/src/main/webapp/src/javascript/lib/nej/src/base/chain.js
[D] 2016-04-11 21:17:40.593 - loading resource /Users/huntbao/youfan-todoweb-sample/src/main/webapp/src/javascript/lib/nej/src/base/platform/element.js
[D] 2016-04-11 21:17:40.593 - loading resource /Users/huntbao/youfan-todoweb-sample/src/main/webapp/src/javascript/lib/nej/src/base/platform/element.patch.js
[D] 2016-04-11 21:17:40.594 - parse resource /Users/huntbao/youfan-todoweb-sample/src/main/webapp/src/javascript/lib/nej/src/base/event.js
[D] 2016-04-11 21:17:40.596 - cache nej dependency /Users/huntbao/youfan-todoweb-sample/src/main/webapp/src/javascript/lib/nej/src/base/event.js -> ["/usr/local/lib/node_modules/nej/lib/script/nej/define.js",{"uri":"/Users/huntbao/youfan-todoweb-sample/src/main/webapp/src/javascript/lib/nej/src/base/global.js"},{"uri":"/Users/huntbao/youfan-todoweb-sample/src/main/webapp/src/javascript/lib/nej/src/base/element.js"},{"uri":"/Users/huntbao/youfan-todoweb-sample/src/main/webapp/src/javascript/lib/nej/src/base/util.js"},{"uri":"/Users/huntbao/youfan-todoweb-sample/src/main/webapp/src/javascript/lib/nej/src/base/chain.js"},{"uri":"/Users/huntbao/youfan-todoweb-sample/src/main/webapp/src/javascript/lib/nej/src/base/platform/event.js","patch":"/Users/huntbao/youfan-todoweb-sample/src/main/webapp/src/javascript/lib/nej/src/base/platform/event.patch.js"}]
[D] 2016-04-11 21:17:40.597 - loading resource /Users/huntbao/youfan-todoweb-sample/src/main/webapp/src/javascript/lib/nej/src/base/platform/event.js
[D] 2016-04-11 21:17:40.598 - loading resource /Users/huntbao/youfan-todoweb-sample/src/main/webapp/src/javascript/lib/nej/src/base/platform/event.patch.js
[D] 2016-04-11 21:17:40.601 - parse resource /Users/huntbao/youfan-todoweb-sample/src/main/webapp/src/javascript/lib/nej/src/base/global.js
[D] 2016-04-11 21:17:40.603 - cache nej dependency /Users/huntbao/youfan-todoweb-sample/src/main/webapp/src/javascript/lib/nej/src/base/global.js -> ["/usr/local/lib/node_modules/nej/lib/script/nej/define.js"]
[D] 2016-04-11 21:17:40.604 - parse resource /Users/huntbao/youfan-todoweb-sample/src/main/webapp/src/javascript/lib/nej/src/base/platform/util.js
[D] 2016-04-11 21:17:40.605 - cache nej dependency /Users/huntbao/youfan-todoweb-sample/src/main/webapp/src/javascript/lib/nej/src/base/platform/util.js -> ["/usr/local/lib/node_modules/nej/lib/script/nej/define.js"]
[D] 2016-04-11 21:17:40.606 - parse resource /Users/huntbao/youfan-todoweb-sample/src/main/webapp/src/javascript/lib/nej/src/base/platform/util.patch.js
[D] 2016-04-11 21:17:40.607 - parse nej patch file /Users/huntbao/youfan-todoweb-sample/src/main/webapp/src/javascript/lib/nej/src/base/platform/util.patch.js
[D] 2016-04-11 21:17:40.608 - platform argument name is _m
[D] 2016-04-11 21:17:40.609 - patch expression TR<=4.0 fit to platform 
[D] 2016-04-11 21:17:40.609 - patch merge result []
[D] 2016-04-11 21:17:40.609 - cache nej dependency /Users/huntbao/youfan-todoweb-sample/src/main/webapp/src/javascript/lib/nej/src/base/platform/util.patch.js -> ["/usr/local/lib/node_modules/nej/lib/script/nej/define.js",{"uri":"/Users/huntbao/youfan-todoweb-sample/src/main/webapp/src/javascript/lib/nej/src/base/platform/util.js"},{"uri":"/Users/huntbao/youfan-todoweb-sample/src/main/webapp/src/javascript/lib/nej/src/base/platform.js"}]
[D] 2016-04-11 21:17:40.610 - loading resource /Users/huntbao/youfan-todoweb-sample/src/main/webapp/src/javascript/lib/nej/src/base/platform.js
[D] 2016-04-11 21:17:40.610 - parse resource /Users/huntbao/youfan-todoweb-sample/src/main/webapp/src/javascript/lib/nej/src/util/event.js
[D] 2016-04-11 21:17:40.614 - cache nej dependency /Users/huntbao/youfan-todoweb-sample/src/main/webapp/src/javascript/lib/nej/src/util/event.js -> ["/usr/local/lib/node_modules/nej/lib/script/nej/define.js",{"uri":"/Users/huntbao/youfan-todoweb-sample/src/main/webapp/src/javascript/lib/nej/src/base/global.js"},{"uri":"/Users/huntbao/youfan-todoweb-sample/src/main/webapp/src/javascript/lib/nej/src/base/klass.js"},{"uri":"/Users/huntbao/youfan-todoweb-sample/src/main/webapp/src/javascript/lib/nej/src/base/event.js"},{"uri":"/Users/huntbao/youfan-todoweb-sample/src/main/webapp/src/javascript/lib/nej/src/base/util.js"}]
[D] 2016-04-11 21:17:40.614 - parse resource /Users/huntbao/youfan-todoweb-sample/src/main/webapp/src/javascript/lib/nej/src/base/constant.js
[D] 2016-04-11 21:17:40.616 - cache nej dependency /Users/huntbao/youfan-todoweb-sample/src/main/webapp/src/javascript/lib/nej/src/base/constant.js -> ["/usr/local/lib/node_modules/nej/lib/script/nej/define.js",{"uri":"/Users/huntbao/youfan-todoweb-sample/src/main/webapp/src/javascript/lib/nej/src/base/global.js"},{"uri":"/Users/huntbao/youfan-todoweb-sample/src/main/webapp/src/javascript/lib/nej/src/base/config.js"}]
[D] 2016-04-11 21:17:40.617 - loading resource /Users/huntbao/youfan-todoweb-sample/src/main/webapp/src/javascript/lib/nej/src/base/config.js
[D] 2016-04-11 21:17:40.618 - parse resource /Users/huntbao/youfan-todoweb-sample/src/main/webapp/src/javascript/lib/nej/src/base/util.js
[D] 2016-04-11 21:17:40.624 - cache nej dependency /Users/huntbao/youfan-todoweb-sample/src/main/webapp/src/javascript/lib/nej/src/base/util.js -> ["/usr/local/lib/node_modules/nej/lib/script/nej/define.js",{"uri":"/Users/huntbao/youfan-todoweb-sample/src/main/webapp/src/javascript/lib/nej/src/base/global.js"},{"uri":"/Users/huntbao/youfan-todoweb-sample/src/main/webapp/src/javascript/lib/nej/src/base/platform/util.js","patch":"/Users/huntbao/youfan-todoweb-sample/src/main/webapp/src/javascript/lib/nej/src/base/platform/util.patch.js"}]
[D] 2016-04-11 21:17:40.625 - parse resource /Users/huntbao/youfan-todoweb-sample/src/main/webapp/src/javascript/lib/nej/src/base/chain.js
[D] 2016-04-11 21:17:40.628 - cache nej dependency /Users/huntbao/youfan-todoweb-sample/src/main/webapp/src/javascript/lib/nej/src/base/chain.js -> ["/usr/local/lib/node_modules/nej/lib/script/nej/define.js",{"uri":"/Users/huntbao/youfan-todoweb-sample/src/main/webapp/src/javascript/lib/nej/src/base/util.js"}]
[D] 2016-04-11 21:17:40.629 - parse resource /Users/huntbao/youfan-todoweb-sample/src/main/webapp/src/javascript/lib/nej/src/base/platform/element.js
[D] 2016-04-11 21:17:40.632 - cache nej dependency /Users/huntbao/youfan-todoweb-sample/src/main/webapp/src/javascript/lib/nej/src/base/platform/element.js -> ["/usr/local/lib/node_modules/nej/lib/script/nej/define.js",{"uri":"/Users/huntbao/youfan-todoweb-sample/src/main/webapp/src/javascript/lib/nej/src/base/util.js"},{"uri":"/Users/huntbao/youfan-todoweb-sample/src/main/webapp/src/javascript/lib/nej/src/base/platform.js"}]
[D] 2016-04-11 21:17:40.633 - parse resource /Users/huntbao/youfan-todoweb-sample/src/main/webapp/src/javascript/lib/nej/src/base/platform/element.patch.js
[D] 2016-04-11 21:17:40.637 - parse nej patch file /Users/huntbao/youfan-todoweb-sample/src/main/webapp/src/javascript/lib/nej/src/base/platform/element.patch.js
[D] 2016-04-11 21:17:40.637 - platform argument name is _m
[D] 2016-04-11 21:17:40.638 - patch expression TR fit to platform 
[D] 2016-04-11 21:17:40.638 - patch expression TR<=6.0 fit to platform 
[D] 2016-04-11 21:17:40.638 - patch expression TR<=5.0 fit to platform 
[D] 2016-04-11 21:17:40.639 - patch expression TR<=4.0 fit to platform 
[D] 2016-04-11 21:17:40.639 - patch expression TR<=3.0 fit to platform 
[D] 2016-04-11 21:17:40.639 - patch expression TR<=2.0 fit to platform 
[D] 2016-04-11 21:17:40.639 - patch expression GR fit to platform 
[D] 2016-04-11 21:17:40.639 - patch merge result []
[D] 2016-04-11 21:17:40.640 - cache nej dependency /Users/huntbao/youfan-todoweb-sample/src/main/webapp/src/javascript/lib/nej/src/base/platform/element.patch.js -> ["/usr/local/lib/node_modules/nej/lib/script/nej/define.js",{"uri":"/Users/huntbao/youfan-todoweb-sample/src/main/webapp/src/javascript/lib/nej/src/base/platform/element.js"},{"uri":"/Users/huntbao/youfan-todoweb-sample/src/main/webapp/src/javascript/lib/nej/src/base/platform.js"},{"uri":"/Users/huntbao/youfan-todoweb-sample/src/main/webapp/src/javascript/lib/nej/src/base/util.js"}]
[D] 2016-04-11 21:17:40.641 - parse resource /Users/huntbao/youfan-todoweb-sample/src/main/webapp/src/javascript/lib/nej/src/base/platform/event.js
[D] 2016-04-11 21:17:40.645 - cache nej dependency /Users/huntbao/youfan-todoweb-sample/src/main/webapp/src/javascript/lib/nej/src/base/platform/event.js -> ["/usr/local/lib/node_modules/nej/lib/script/nej/define.js",{"uri":"/Users/huntbao/youfan-todoweb-sample/src/main/webapp/src/javascript/lib/nej/src/base/util.js"},{"uri":"/Users/huntbao/youfan-todoweb-sample/src/main/webapp/src/javascript/lib/nej/src/base/platform.js"}]
[D] 2016-04-11 21:17:40.646 - parse resource /Users/huntbao/youfan-todoweb-sample/src/main/webapp/src/javascript/lib/nej/src/base/platform/event.patch.js
[D] 2016-04-11 21:17:40.649 - parse nej patch file /Users/huntbao/youfan-todoweb-sample/src/main/webapp/src/javascript/lib/nej/src/base/platform/event.patch.js
[D] 2016-04-11 21:17:40.649 - platform argument name is b1460380660649
[D] 2016-04-11 21:17:40.650 - patch expression TR>=6.0 fit to platform 
[D] 2016-04-11 21:17:40.650 - patch expression TR==5.0 fit to platform 
[D] 2016-04-11 21:17:40.650 - patch expression TR>=5.0 fit to platform 
[D] 2016-04-11 21:17:40.650 - patch expression TR<=4.0 fit to platform 
[D] 2016-04-11 21:17:40.651 - patch expression GR fit to platform 
[D] 2016-04-11 21:17:40.651 - patch merge result []
[D] 2016-04-11 21:17:40.651 - cache nej dependency /Users/huntbao/youfan-todoweb-sample/src/main/webapp/src/javascript/lib/nej/src/base/platform/event.patch.js -> ["/usr/local/lib/node_modules/nej/lib/script/nej/define.js",{"uri":"/Users/huntbao/youfan-todoweb-sample/src/main/webapp/src/javascript/lib/nej/src/base/platform.js"},{"uri":"/Users/huntbao/youfan-todoweb-sample/src/main/webapp/src/javascript/lib/nej/src/base/platform/event.js"},{"uri":"/Users/huntbao/youfan-todoweb-sample/src/main/webapp/src/javascript/lib/nej/src/base/util.js"}]
[D] 2016-04-11 21:17:40.652 - parse resource /Users/huntbao/youfan-todoweb-sample/src/main/webapp/src/javascript/lib/nej/src/base/platform.js
[D] 2016-04-11 21:17:40.655 - cache nej dependency /Users/huntbao/youfan-todoweb-sample/src/main/webapp/src/javascript/lib/nej/src/base/platform.js -> ["/usr/local/lib/node_modules/nej/lib/script/nej/define.js",{"uri":"/Users/huntbao/youfan-todoweb-sample/src/main/webapp/src/javascript/lib/nej/src/base/global.js"}]
[D] 2016-04-11 21:17:40.655 - parse resource /Users/huntbao/youfan-todoweb-sample/src/main/webapp/src/javascript/lib/nej/src/base/config.js
[D] 2016-04-11 21:17:40.658 - cache nej dependency /Users/huntbao/youfan-todoweb-sample/src/main/webapp/src/javascript/lib/nej/src/base/config.js -> ["/usr/local/lib/node_modules/nej/lib/script/nej/define.js",{"uri":"/Users/huntbao/youfan-todoweb-sample/src/main/webapp/src/javascript/lib/nej/src/base/global.js"},{"uri":"/Users/huntbao/youfan-todoweb-sample/src/main/webapp/src/javascript/lib/nej/src/base/platform/config.js","patch":"/Users/huntbao/youfan-todoweb-sample/src/main/webapp/src/javascript/lib/nej/src/base/platform/config.patch.js"}]
[D] 2016-04-11 21:17:40.659 - loading resource /Users/huntbao/youfan-todoweb-sample/src/main/webapp/src/javascript/lib/nej/src/base/platform/config.js
[D] 2016-04-11 21:17:40.659 - loading resource /Users/huntbao/youfan-todoweb-sample/src/main/webapp/src/javascript/lib/nej/src/base/platform/config.patch.js
[D] 2016-04-11 21:17:40.660 - parse resource /Users/huntbao/youfan-todoweb-sample/src/main/webapp/src/javascript/lib/nej/src/base/platform/config.js
[D] 2016-04-11 21:17:40.664 - cache nej dependency /Users/huntbao/youfan-todoweb-sample/src/main/webapp/src/javascript/lib/nej/src/base/platform/config.js -> ["/usr/local/lib/node_modules/nej/lib/script/nej/define.js",{"uri":"/Users/huntbao/youfan-todoweb-sample/src/main/webapp/src/javascript/lib/nej/src/base/global.js"},{"uri":"/Users/huntbao/youfan-todoweb-sample/src/main/webapp/src/javascript/lib/nej/src/base/util.js"}]
[D] 2016-04-11 21:17:40.665 - parse resource /Users/huntbao/youfan-todoweb-sample/src/main/webapp/src/javascript/lib/nej/src/base/platform/config.patch.js
[D] 2016-04-11 21:17:40.675 - parse nej patch file /Users/huntbao/youfan-todoweb-sample/src/main/webapp/src/javascript/lib/nej/src/base/platform/config.patch.js
[D] 2016-04-11 21:17:40.676 - platform argument name is _m
[D] 2016-04-11 21:17:40.676 - patch expression TR fit to platform 
[D] 2016-04-11 21:17:40.676 - patch expression TR<=3.0 fit to platform 
[D] 2016-04-11 21:17:40.677 - patch merge result []
[D] 2016-04-11 21:17:40.677 - cache nej dependency /Users/huntbao/youfan-todoweb-sample/src/main/webapp/src/javascript/lib/nej/src/base/platform/config.patch.js -> ["/usr/local/lib/node_modules/nej/lib/script/nej/define.js",{"uri":"/Users/huntbao/youfan-todoweb-sample/src/main/webapp/src/javascript/lib/nej/src/base/platform/config.js"},{"uri":"/Users/huntbao/youfan-todoweb-sample/src/main/webapp/src/javascript/lib/nej/src/base/platform.js"}]
[D] 2016-04-11 21:17:40.679 - dependencies map -> {"/Users/huntbao/youfan-todoweb-sample/src/main/webapp/WEB-INF/views/pages/inline-1460380660387":["/usr/local/lib/node_modules/nej/lib/script/nej/define.js","/Users/huntbao/youfan-todoweb-sample/src/main/webapp/src/javascript/pages/index.js","/Users/huntbao/youfan-todoweb-sample/src/main/webapp/src/javascript/pages/login.js"],"/Users/huntbao/youfan-todoweb-sample/src/main/webapp/WEB-INF/views/pages/inline-1460380660388":["/usr/local/lib/node_modules/nej/lib/script/nej/define.js","/Users/huntbao/youfan-todoweb-sample/src/main/webapp/src/javascript/pages/login.js"],"/Users/huntbao/youfan-todoweb-sample/src/main/webapp/src/javascript/pages/index.js":["/usr/local/lib/node_modules/nej/lib/script/nej/define.js","/Users/huntbao/youfan-todoweb-sample/src/main/webapp/src/javascript/lib/nej/src/base/klass.js","/Users/huntbao/youfan-todoweb-sample/src/main/webapp/src/javascript/widget/module.js"],"/Users/huntbao/youfan-todoweb-sample/src/main/webapp/src/javascript/pages/login.js":["/usr/local/lib/node_modules/nej/lib/script/nej/define.js","/Users/huntbao/youfan-todoweb-sample/src/main/webapp/src/javascript/lib/nej/src/base/klass.js","/Users/huntbao/youfan-todoweb-sample/src/main/webapp/src/javascript/widget/module.js","/Users/huntbao/youfan-todoweb-sample/src/main/webapp/src/javascript/lib/nej/src/base/element.js","/Users/huntbao/youfan-todoweb-sample/src/main/webapp/src/javascript/lib/nej/src/base/event.js"],"/Users/huntbao/youfan-todoweb-sample/src/main/webapp/src/javascript/lib/nej/src/base/klass.js":["/usr/local/lib/node_modules/nej/lib/script/nej/define.js","/Users/huntbao/youfan-todoweb-sample/src/main/webapp/src/javascript/lib/nej/src/base/global.js","/Users/huntbao/youfan-todoweb-sample/src/main/webapp/src/javascript/lib/nej/src/base/platform/util.patch.js"],"/Users/huntbao/youfan-todoweb-sample/src/main/webapp/src/javascript/widget/module.js":["/usr/local/lib/node_modules/nej/lib/script/nej/define.js","/Users/huntbao/youfan-todoweb-sample/src/main/webapp/src/javascript/lib/nej/src/base/klass.js","/Users/huntbao/youfan-todoweb-sample/src/main/webapp/src/javascript/lib/nej/src/util/event.js"],"/Users/huntbao/youfan-todoweb-sample/src/main/webapp/src/javascript/lib/nej/src/base/element.js":["/usr/local/lib/node_modules/nej/lib/script/nej/define.js","/Users/huntbao/youfan-todoweb-sample/src/main/webapp/src/javascript/lib/nej/src/base/global.js","/Users/huntbao/youfan-todoweb-sample/src/main/webapp/src/javascript/lib/nej/src/base/constant.js","/Users/huntbao/youfan-todoweb-sample/src/main/webapp/src/javascript/lib/nej/src/base/util.js","/Users/huntbao/youfan-todoweb-sample/src/main/webapp/src/javascript/lib/nej/src/base/event.js","/Users/huntbao/youfan-todoweb-sample/src/main/webapp/src/javascript/lib/nej/src/base/chain.js","/Users/huntbao/youfan-todoweb-sample/src/main/webapp/src/javascript/lib/nej/src/base/platform/element.patch.js"],"/Users/huntbao/youfan-todoweb-sample/src/main/webapp/src/javascript/lib/nej/src/base/event.js":["/usr/local/lib/node_modules/nej/lib/script/nej/define.js","/Users/huntbao/youfan-todoweb-sample/src/main/webapp/src/javascript/lib/nej/src/base/global.js","/Users/huntbao/youfan-todoweb-sample/src/main/webapp/src/javascript/lib/nej/src/base/element.js","/Users/huntbao/youfan-todoweb-sample/src/main/webapp/src/javascript/lib/nej/src/base/util.js","/Users/huntbao/youfan-todoweb-sample/src/main/webapp/src/javascript/lib/nej/src/base/chain.js","/Users/huntbao/youfan-todoweb-sample/src/main/webapp/src/javascript/lib/nej/src/base/platform/event.patch.js"],"/Users/huntbao/youfan-todoweb-sample/src/main/webapp/src/javascript/lib/nej/src/base/global.js":["/usr/local/lib/node_modules/nej/lib/script/nej/define.js"],"/Users/huntbao/youfan-todoweb-sample/src/main/webapp/src/javascript/lib/nej/src/base/platform/util.js":["/usr/local/lib/node_modules/nej/lib/script/nej/define.js"],"/Users/huntbao/youfan-todoweb-sample/src/main/webapp/src/javascript/lib/nej/src/base/platform/util.patch.js":["/usr/local/lib/node_modules/nej/lib/script/nej/define.js","/Users/huntbao/youfan-todoweb-sample/src/main/webapp/src/javascript/lib/nej/src/base/platform/util.js","/Users/huntbao/youfan-todoweb-sample/src/main/webapp/src/javascript/lib/nej/src/base/platform.js"],"/Users/huntbao/youfan-todoweb-sample/src/main/webapp/src/javascript/lib/nej/src/util/event.js":["/usr/local/lib/node_modules/nej/lib/script/nej/define.js","/Users/huntbao/youfan-todoweb-sample/src/main/webapp/src/javascript/lib/nej/src/base/global.js","/Users/huntbao/youfan-todoweb-sample/src/main/webapp/src/javascript/lib/nej/src/base/klass.js","/Users/huntbao/youfan-todoweb-sample/src/main/webapp/src/javascript/lib/nej/src/base/event.js","/Users/huntbao/youfan-todoweb-sample/src/main/webapp/src/javascript/lib/nej/src/base/util.js"],"/Users/huntbao/youfan-todoweb-sample/src/main/webapp/src/javascript/lib/nej/src/base/constant.js":["/usr/local/lib/node_modules/nej/lib/script/nej/define.js","/Users/huntbao/youfan-todoweb-sample/src/main/webapp/src/javascript/lib/nej/src/base/global.js","/Users/huntbao/youfan-todoweb-sample/src/main/webapp/src/javascript/lib/nej/src/base/config.js"],"/Users/huntbao/youfan-todoweb-sample/src/main/webapp/src/javascript/lib/nej/src/base/util.js":["/usr/local/lib/node_modules/nej/lib/script/nej/define.js","/Users/huntbao/youfan-todoweb-sample/src/main/webapp/src/javascript/lib/nej/src/base/global.js","/Users/huntbao/youfan-todoweb-sample/src/main/webapp/src/javascript/lib/nej/src/base/platform/util.patch.js"],"/Users/huntbao/youfan-todoweb-sample/src/main/webapp/src/javascript/lib/nej/src/base/chain.js":["/usr/local/lib/node_modules/nej/lib/script/nej/define.js","/Users/huntbao/youfan-todoweb-sample/src/main/webapp/src/javascript/lib/nej/src/base/util.js"],"/Users/huntbao/youfan-todoweb-sample/src/main/webapp/src/javascript/lib/nej/src/base/platform/element.js":["/usr/local/lib/node_modules/nej/lib/script/nej/define.js","/Users/huntbao/youfan-todoweb-sample/src/main/webapp/src/javascript/lib/nej/src/base/util.js","/Users/huntbao/youfan-todoweb-sample/src/main/webapp/src/javascript/lib/nej/src/base/platform.js"],"/Users/huntbao/youfan-todoweb-sample/src/main/webapp/src/javascript/lib/nej/src/base/platform/element.patch.js":["/usr/local/lib/node_modules/nej/lib/script/nej/define.js","/Users/huntbao/youfan-todoweb-sample/src/main/webapp/src/javascript/lib/nej/src/base/platform/element.js","/Users/huntbao/youfan-todoweb-sample/src/main/webapp/src/javascript/lib/nej/src/base/platform.js","/Users/huntbao/youfan-todoweb-sample/src/main/webapp/src/javascript/lib/nej/src/base/util.js"],"/Users/huntbao/youfan-todoweb-sample/src/main/webapp/src/javascript/lib/nej/src/base/platform/event.js":["/usr/local/lib/node_modules/nej/lib/script/nej/define.js","/Users/huntbao/youfan-todoweb-sample/src/main/webapp/src/javascript/lib/nej/src/base/util.js","/Users/huntbao/youfan-todoweb-sample/src/main/webapp/src/javascript/lib/nej/src/base/platform.js"],"/Users/huntbao/youfan-todoweb-sample/src/main/webapp/src/javascript/lib/nej/src/base/platform/event.patch.js":["/usr/local/lib/node_modules/nej/lib/script/nej/define.js","/Users/huntbao/youfan-todoweb-sample/src/main/webapp/src/javascript/lib/nej/src/base/platform.js","/Users/huntbao/youfan-todoweb-sample/src/main/webapp/src/javascript/lib/nej/src/base/platform/event.js","/Users/huntbao/youfan-todoweb-sample/src/main/webapp/src/javascript/lib/nej/src/base/util.js"],"/Users/huntbao/youfan-todoweb-sample/src/main/webapp/src/javascript/lib/nej/src/base/platform.js":["/usr/local/lib/node_modules/nej/lib/script/nej/define.js","/Users/huntbao/youfan-todoweb-sample/src/main/webapp/src/javascript/lib/nej/src/base/global.js"],"/Users/huntbao/youfan-todoweb-sample/src/main/webapp/src/javascript/lib/nej/src/base/config.js":["/usr/local/lib/node_modules/nej/lib/script/nej/define.js","/Users/huntbao/youfan-todoweb-sample/src/main/webapp/src/javascript/lib/nej/src/base/global.js","/Users/huntbao/youfan-todoweb-sample/src/main/webapp/src/javascript/lib/nej/src/base/platform/config.patch.js"],"/Users/huntbao/youfan-todoweb-sample/src/main/webapp/src/javascript/lib/nej/src/base/platform/config.js":["/usr/local/lib/node_modules/nej/lib/script/nej/define.js","/Users/huntbao/youfan-todoweb-sample/src/main/webapp/src/javascript/lib/nej/src/base/global.js","/Users/huntbao/youfan-todoweb-sample/src/main/webapp/src/javascript/lib/nej/src/base/util.js"],"/Users/huntbao/youfan-todoweb-sample/src/main/webapp/src/javascript/lib/nej/src/base/platform/config.patch.js":["/usr/local/lib/node_modules/nej/lib/script/nej/define.js","/Users/huntbao/youfan-todoweb-sample/src/main/webapp/src/javascript/lib/nej/src/base/platform/config.js","/Users/huntbao/youfan-todoweb-sample/src/main/webapp/src/javascript/lib/nej/src/base/platform.js"]}
[I] 2016-04-11 21:17:40.681 - merge core list
[D] 2016-04-11 21:17:40.682 - core style list -> []
[D] 2016-04-11 21:17:40.682 - script used in file /Users/huntbao/youfan-todoweb-sample/src/main/webapp/WEB-INF/views/common/config.ftl is []
[D] 2016-04-11 21:17:40.683 - script used in file /Users/huntbao/youfan-todoweb-sample/src/main/webapp/WEB-INF/views/common/macro.ftl is []
[D] 2016-04-11 21:17:40.683 - script used in file /Users/huntbao/youfan-todoweb-sample/src/main/webapp/WEB-INF/views/pages/index.ftl is ["/usr/local/lib/node_modules/nej/lib/script/nej/define.js","/Users/huntbao/youfan-todoweb-sample/src/main/webapp/src/javascript/pages/common.js","/Users/huntbao/youfan-todoweb-sample/src/main/webapp/src/javascript/pages/index.bundle.js","/Users/huntbao/youfan-todoweb-sample/src/main/webapp/src/javascript/lib/nej/src/base/global.js","/Users/huntbao/youfan-todoweb-sample/src/main/webapp/src/javascript/lib/nej/src/base/platform/util.js","/Users/huntbao/youfan-todoweb-sample/src/main/webapp/src/javascript/lib/nej/src/base/platform.js","/Users/huntbao/youfan-todoweb-sample/src/main/webapp/src/javascript/lib/nej/src/base/platform/util.patch.js","/Users/huntbao/youfan-todoweb-sample/src/main/webapp/src/javascript/lib/nej/src/base/klass.js","/Users/huntbao/youfan-todoweb-sample/src/main/webapp/src/javascript/lib/nej/src/base/util.js","/Users/huntbao/youfan-todoweb-sample/src/main/webapp/src/javascript/lib/nej/src/base/platform/config.js","/Users/huntbao/youfan-todoweb-sample/src/main/webapp/src/javascript/lib/nej/src/base/platform/config.patch.js","/Users/huntbao/youfan-todoweb-sample/src/main/webapp/src/javascript/lib/nej/src/base/config.js","/Users/huntbao/youfan-todoweb-sample/src/main/webapp/src/javascript/lib/nej/src/base/constant.js","/Users/huntbao/youfan-todoweb-sample/src/main/webapp/src/javascript/lib/nej/src/base/chain.js","/Users/huntbao/youfan-todoweb-sample/src/main/webapp/src/javascript/lib/nej/src/base/platform/element.js","/Users/huntbao/youfan-todoweb-sample/src/main/webapp/src/javascript/lib/nej/src/base/platform/element.patch.js","/Users/huntbao/youfan-todoweb-sample/src/main/webapp/src/javascript/lib/nej/src/base/element.js","/Users/huntbao/youfan-todoweb-sample/src/main/webapp/src/javascript/lib/nej/src/base/platform/event.js","/Users/huntbao/youfan-todoweb-sample/src/main/webapp/src/javascript/lib/nej/src/base/platform/event.patch.js","/Users/huntbao/youfan-todoweb-sample/src/main/webapp/src/javascript/lib/nej/src/base/event.js","/Users/huntbao/youfan-todoweb-sample/src/main/webapp/src/javascript/lib/nej/src/util/event.js","/Users/huntbao/youfan-todoweb-sample/src/main/webapp/src/javascript/widget/module.js","/Users/huntbao/youfan-todoweb-sample/src/main/webapp/src/javascript/pages/index.js","/Users/huntbao/youfan-todoweb-sample/src/main/webapp/src/javascript/pages/login.js","/Users/huntbao/youfan-todoweb-sample/src/main/webapp/WEB-INF/views/pages/inline-1460380660387"]
[D] 2016-04-11 21:17:40.684 - script used in file /Users/huntbao/youfan-todoweb-sample/src/main/webapp/WEB-INF/views/pages/login.ftl is ["/usr/local/lib/node_modules/nej/lib/script/nej/define.js","/Users/huntbao/youfan-todoweb-sample/src/main/webapp/src/javascript/pages/common.js","/Users/huntbao/youfan-todoweb-sample/src/main/webapp/src/javascript/pages/login.bundle.js","/Users/huntbao/youfan-todoweb-sample/src/main/webapp/src/javascript/lib/nej/src/base/global.js","/Users/huntbao/youfan-todoweb-sample/src/main/webapp/src/javascript/lib/nej/src/base/platform/util.js","/Users/huntbao/youfan-todoweb-sample/src/main/webapp/src/javascript/lib/nej/src/base/platform.js","/Users/huntbao/youfan-todoweb-sample/src/main/webapp/src/javascript/lib/nej/src/base/platform/util.patch.js","/Users/huntbao/youfan-todoweb-sample/src/main/webapp/src/javascript/lib/nej/src/base/klass.js","/Users/huntbao/youfan-todoweb-sample/src/main/webapp/src/javascript/lib/nej/src/base/util.js","/Users/huntbao/youfan-todoweb-sample/src/main/webapp/src/javascript/lib/nej/src/base/platform/config.js","/Users/huntbao/youfan-todoweb-sample/src/main/webapp/src/javascript/lib/nej/src/base/platform/config.patch.js","/Users/huntbao/youfan-todoweb-sample/src/main/webapp/src/javascript/lib/nej/src/base/config.js","/Users/huntbao/youfan-todoweb-sample/src/main/webapp/src/javascript/lib/nej/src/base/constant.js","/Users/huntbao/youfan-todoweb-sample/src/main/webapp/src/javascript/lib/nej/src/base/chain.js","/Users/huntbao/youfan-todoweb-sample/src/main/webapp/src/javascript/lib/nej/src/base/platform/element.js","/Users/huntbao/youfan-todoweb-sample/src/main/webapp/src/javascript/lib/nej/src/base/platform/element.patch.js","/Users/huntbao/youfan-todoweb-sample/src/main/webapp/src/javascript/lib/nej/src/base/element.js","/Users/huntbao/youfan-todoweb-sample/src/main/webapp/src/javascript/lib/nej/src/base/platform/event.js","/Users/huntbao/youfan-todoweb-sample/src/main/webapp/src/javascript/lib/nej/src/base/platform/event.patch.js","/Users/huntbao/youfan-todoweb-sample/src/main/webapp/src/javascript/lib/nej/src/base/event.js","/Users/huntbao/youfan-todoweb-sample/src/main/webapp/src/javascript/lib/nej/src/util/event.js","/Users/huntbao/youfan-todoweb-sample/src/main/webapp/src/javascript/widget/module.js","/Users/huntbao/youfan-todoweb-sample/src/main/webapp/src/javascript/pages/login.js","/Users/huntbao/youfan-todoweb-sample/src/main/webapp/WEB-INF/views/pages/inline-1460380660388"]
[D] 2016-04-11 21:17:40.686 - core script list -> ["/usr/local/lib/node_modules/nej/lib/script/nej/define.js","/Users/huntbao/youfan-todoweb-sample/src/main/webapp/src/javascript/pages/common.js","/Users/huntbao/youfan-todoweb-sample/src/main/webapp/src/javascript/lib/nej/src/base/global.js","/Users/huntbao/youfan-todoweb-sample/src/main/webapp/src/javascript/lib/nej/src/base/platform/util.js","/Users/huntbao/youfan-todoweb-sample/src/main/webapp/src/javascript/lib/nej/src/base/platform.js","/Users/huntbao/youfan-todoweb-sample/src/main/webapp/src/javascript/lib/nej/src/base/platform/util.patch.js","/Users/huntbao/youfan-todoweb-sample/src/main/webapp/src/javascript/lib/nej/src/base/klass.js","/Users/huntbao/youfan-todoweb-sample/src/main/webapp/src/javascript/lib/nej/src/base/util.js","/Users/huntbao/youfan-todoweb-sample/src/main/webapp/src/javascript/lib/nej/src/base/platform/config.js","/Users/huntbao/youfan-todoweb-sample/src/main/webapp/src/javascript/lib/nej/src/base/platform/config.patch.js","/Users/huntbao/youfan-todoweb-sample/src/main/webapp/src/javascript/lib/nej/src/base/config.js","/Users/huntbao/youfan-todoweb-sample/src/main/webapp/src/javascript/lib/nej/src/base/constant.js","/Users/huntbao/youfan-todoweb-sample/src/main/webapp/src/javascript/lib/nej/src/base/chain.js","/Users/huntbao/youfan-todoweb-sample/src/main/webapp/src/javascript/lib/nej/src/base/platform/element.js","/Users/huntbao/youfan-todoweb-sample/src/main/webapp/src/javascript/lib/nej/src/base/platform/element.patch.js","/Users/huntbao/youfan-todoweb-sample/src/main/webapp/src/javascript/lib/nej/src/base/element.js","/Users/huntbao/youfan-todoweb-sample/src/main/webapp/src/javascript/lib/nej/src/base/platform/event.js","/Users/huntbao/youfan-todoweb-sample/src/main/webapp/src/javascript/lib/nej/src/base/platform/event.patch.js","/Users/huntbao/youfan-todoweb-sample/src/main/webapp/src/javascript/lib/nej/src/base/event.js","/Users/huntbao/youfan-todoweb-sample/src/main/webapp/src/javascript/lib/nej/src/util/event.js","/Users/huntbao/youfan-todoweb-sample/src/main/webapp/src/javascript/widget/module.js","/Users/huntbao/youfan-todoweb-sample/src/main/webapp/src/javascript/pages/login.js"]
[I] 2016-04-11 21:17:40.686 - sort input files by module dependency
[D] 2016-04-11 21:17:40.687 - page list order by module dependency is ["/Users/huntbao/youfan-todoweb-sample/src/main/webapp/WEB-INF/views/common/config.ftl","/Users/huntbao/youfan-todoweb-sample/src/main/webapp/WEB-INF/views/common/macro.ftl","/Users/huntbao/youfan-todoweb-sample/src/main/webapp/WEB-INF/views/pages/index.ftl","/Users/huntbao/youfan-todoweb-sample/src/main/webapp/WEB-INF/views/pages/login.ftl"]
[I] 2016-04-11 21:17:40.687 - split core from input files
[D] 2016-04-11 21:17:40.689 - pt_common_macro.css -> ["/Users/huntbao/youfan-todoweb-sample/src/main/webapp/src/css/base.css"]
[D] 2016-04-11 21:17:40.689 - pt_pages_index.css -> ["/Users/huntbao/youfan-todoweb-sample/src/main/webapp/src/css/pages/index.bundle.css","/Users/huntbao/youfan-todoweb-sample/src/main/webapp/src/css/pages/index.css","/Users/huntbao/youfan-todoweb-sample/src/main/webapp/src/css/pages/login.css"]
[D] 2016-04-11 21:17:40.689 - pt_pages_index.js -> ["/Users/huntbao/youfan-todoweb-sample/src/main/webapp/src/javascript/pages/index.bundle.js","/Users/huntbao/youfan-todoweb-sample/src/main/webapp/src/javascript/pages/index.js","/Users/huntbao/youfan-todoweb-sample/src/main/webapp/WEB-INF/views/pages/inline-1460380660387"]
[D] 2016-04-11 21:17:40.689 - pt_pages_login.css -> ["/Users/huntbao/youfan-todoweb-sample/src/main/webapp/src/css/pages/login.bundle.css","/Users/huntbao/youfan-todoweb-sample/src/main/webapp/src/css/pages/login.css"]
[D] 2016-04-11 21:17:40.690 - pt_pages_login.js -> ["/Users/huntbao/youfan-todoweb-sample/src/main/webapp/src/javascript/pages/login.bundle.js","/Users/huntbao/youfan-todoweb-sample/src/main/webapp/WEB-INF/views/pages/inline-1460380660388"]
[I] 2016-04-11 21:17:40.690 - minify script
[D] 2016-04-11 21:17:42.945 - output script name bags to /Users/huntbao/youfan-todoweb-sample/deploy/names.json
[I] 2016-04-11 21:17:42.946 - embed resources to input files
[I] 2016-04-11 21:17:42.949 - output files
[D] 2016-04-11 21:17:42.956 - output file /Users/huntbao/youfan-todoweb-sample/src/main/webapp/r/core.js
[D] 2016-04-11 21:17:42.963 - output file /Users/huntbao/youfan-todoweb-sample/src/main/webapp/r/pt_pages_index.js
[D] 2016-04-11 21:17:42.963 - output file /Users/huntbao/youfan-todoweb-sample/src/main/webapp/r/core.js
[D] 2016-04-11 21:17:42.964 - output file /Users/huntbao/youfan-todoweb-sample/src/main/webapp/r/pt_pages_login.js
[D] 2016-04-11 21:17:42.964 - output file /Users/huntbao/youfan-todoweb-sample/src/main/webapp/WEB-INF/views.out/common/config.ftl
[D] 2016-04-11 21:17:42.964 - output file /Users/huntbao/youfan-todoweb-sample/src/main/webapp/WEB-INF/views.out/common/macro.ftl
[D] 2016-04-11 21:17:42.965 - output file /Users/huntbao/youfan-todoweb-sample/src/main/webapp/WEB-INF/views.out/pages/index.ftl
[D] 2016-04-11 21:17:42.965 - output file /Users/huntbao/youfan-todoweb-sample/src/main/webapp/WEB-INF/views.out/pages/login.ftl
[D] 2016-04-11 21:17:42.969 - version map -> {"/r/core.js":"e06472e516b7ec7a9292a37b0ccfb28c","/r/pt_pages_index.js":"25cdd2d0ba367843a37d241777e1aab3","/r/pt_pages_login.js":"b4db2b03ef743b55bf1a6dc50d8f19f9"}
[D] 2016-04-11 21:17:42.969 - file key map -> {"/Users/huntbao/youfan-todoweb-sample/src/main/webapp/src/javascript/pages/index.js":1,"/Users/huntbao/youfan-todoweb-sample/src/main/webapp/src/javascript/pages/login.js":2,"/Users/huntbao/youfan-todoweb-sample/src/main/webapp/WEB-INF/views/pages/inline-1460380660387":3,"/Users/huntbao/youfan-todoweb-sample/src/main/webapp/WEB-INF/views/pages/inline-1460380660388":4,"/Users/huntbao/youfan-todoweb-sample/src/main/webapp/src/javascript/lib/nej/src/base/klass.js":5,"/Users/huntbao/youfan-todoweb-sample/src/main/webapp/src/javascript/widget/module.js":6,"/Users/huntbao/youfan-todoweb-sample/src/main/webapp/src/javascript/lib/nej/src/base/element.js":7,"/Users/huntbao/youfan-todoweb-sample/src/main/webapp/src/javascript/lib/nej/src/base/event.js":8,"/Users/huntbao/youfan-todoweb-sample/src/main/webapp/src/javascript/lib/nej/src/base/global.js":9,"/Users/huntbao/youfan-todoweb-sample/src/main/webapp/src/javascript/lib/nej/src/base/platform/util.patch.js":10,"/Users/huntbao/youfan-todoweb-sample/src/main/webapp/src/javascript/lib/nej/src/util/event.js":11,"/Users/huntbao/youfan-todoweb-sample/src/main/webapp/src/javascript/lib/nej/src/base/constant.js":12,"/Users/huntbao/youfan-todoweb-sample/src/main/webapp/src/javascript/lib/nej/src/base/util.js":13,"/Users/huntbao/youfan-todoweb-sample/src/main/webapp/src/javascript/lib/nej/src/base/chain.js":14,"/Users/huntbao/youfan-todoweb-sample/src/main/webapp/src/javascript/lib/nej/src/base/platform/element.patch.js":15,"/Users/huntbao/youfan-todoweb-sample/src/main/webapp/src/javascript/lib/nej/src/base/platform/event.patch.js":16,"/Users/huntbao/youfan-todoweb-sample/src/main/webapp/src/javascript/lib/nej/src/base/platform/util.js":17,"/Users/huntbao/youfan-todoweb-sample/src/main/webapp/src/javascript/lib/nej/src/base/platform.js":19,"/Users/huntbao/youfan-todoweb-sample/src/main/webapp/src/javascript/lib/nej/src/base/config.js":20,"/Users/huntbao/youfan-todoweb-sample/src/main/webapp/src/javascript/lib/nej/src/base/platform/element.js":21,"/Users/huntbao/youfan-todoweb-sample/src/main/webapp/src/javascript/lib/nej/src/base/platform/event.js":29,"/Users/huntbao/youfan-todoweb-sample/src/main/webapp/src/javascript/lib/nej/src/base/platform/config.patch.js":35,"/Users/huntbao/youfan-todoweb-sample/src/main/webapp/src/javascript/lib/nej/src/base/platform/config.js":36}
[I] 2016-04-11 21:17:42.969 - release done and log file is /Users/huntbao/youfan-todoweb-sample/deploy/20160411211740483.log
