[I] 2016-04-11 21:14:47.932 - node version is v4.3.0, toolkit version is 1.3.5
[I] 2016-04-11 21:14:47.945 - parse config file /Users/huntbao/youfan-todoweb-sample/deploy/release.11443.conf
[D] 2016-04-11 21:14:47.953 - config result -> {"DIR_CONFIG":"/Users/huntbao/youfan-todoweb-sample/deploy/","DIR_WEBROOT":"/Users/huntbao/youfan-todoweb-sample/src/main/webapp/","DIR_OUTPUT":"/Users/huntbao/youfan-todoweb-sample/src/main/webapp/","DIR_SOURCE_TP":"/Users/huntbao/youfan-todoweb-sample/src/main/webapp/WEB-INF/views/","DIR_OUTPUT_TP":"/Users/huntbao/youfan-todoweb-sample/src/main/webapp/WEB-INF/views.out/","DIR_OUTPUT_STATIC":"/Users/huntbao/youfan-todoweb-sample/src/main/webapp/r/","DIR_STATIC":"/Users/huntbao/youfan-todoweb-sample/src/main/webapp/res/","ALIAS_MATCH":{},"ALIAS_DICTIONARY":{"csRoot":"/src/css/","jsRoot":"/src/javascript/","nejRoot":"/src/javascript/lib/nej/define.js"},"DM_STATIC":[],"DM_STATIC_CS":[],"DM_STATIC_JS":[],"DM_STATIC_RS":[],"FILE_FILTER":{},"FILE_CHARSET":"utf-8","VERSION_MODE":0,"VERSION_STATIC":false,"CORE_MERGE_FLAG":1,"CORE_NOPARSE_FLAG":0,"WRP_INLINE_SOURCE":"%s","CPRS_FLAG":0,"CPRS_KEEP_COMMENT":false,"NEJ_DIR":"/Users/huntbao/youfan-todoweb-sample/src/main/webapp/src/javascript/lib/nej/src/","NEJ_REGULAR":"/Users/huntbao/youfan-todoweb-sample/src/main/webapp/src/javascript/lib/regularjs/dist/regular.js","NEJ_PLATFORM":"","NEJ_PROCESSOR":{},"NEJ_INJECTOR":"I$","NEI_PROJECT_ID":11443,"OPT_IMAGE_FLAG":false,"OPT_IMAGE_QUALITY":100,"MANIFEST_OUTPUT":"/Users/huntbao/youfan-todoweb-sample/src/main/webapp/cache.manifest","MANIFEST_TEMPLATE":"CACHE MANIFEST\n#VERSION = #<VERSION>\n\nCACHE:\n#<CACHE_LIST>\n\nNETWORK:\n*\n\nFALLBACK:\n","OBF_LEVEL":0,"OBF_NAME_BAGS":"/Users/huntbao/youfan-todoweb-sample/deploy/names.json","OBF_COMPATIBLE":true,"OBF_SOURCE_MAP":false,"OBF_MAX_CS_INLINE_SIZE":50,"OBF_MAX_JS_INLINE_SIZE":0,"OBF_CORE_INLINE_FLAG":0,"OBF_DROP_CONSOLE":false,"CORE_FREQUENCY_JS":2,"CORE_FREQUENCY_CS":2,"CORE_IGNORE_ENTRY":false,"WRP_SCRIPT_SOURCE":"%s","WRP_INLINE_CS":"<textarea name=\"css\">%s</textarea>","WRP_EXLINE_CS":"<textarea name=\"css\" data-src=\"%s\"></textarea>","WRP_INLINE_JS":"<textarea name=\"js\">%s</textarea>","WRP_EXLINE_JS":"<textarea name=\"js\" data-src=\"%s\"></textarea>","WRP_INLINE_TP":"<textarea id=\"%s\" name=\"%s\">%s</textarea>","WRP_INLINE_STYLE":"<style type=\"text/css\">\n%s\n</style>","WRP_EXLINE_STYLE":"<link rel=\"stylesheet\" href=\"%s\"/>","WRP_INLINE_SCRIPT":"<script>\n%s\n</script>","WRP_EXLINE_SCRIPT":"<script src=\"%s\"></script>","X_AUTO_EXLINK_PATH":false,"X_AUTO_EXLINK_SCRIPT":false,"X_RELEASE_MODE":"online","X_LOGGER_LEVEL":"ALL","X_LOGGER_FILE":"/Users/huntbao/youfan-todoweb-sample/deploy/20160411211447953.log","":""}
[D] 2016-04-11 21:14:47.954 - overwrite X_RELEASE_MODE to online
[D] 2016-04-11 21:14:47.954 - overwrite X_LOGGER_LEVEL to ALL
[I] 2016-04-11 21:14:47.954 - cache nej config
[I] 2016-04-11 21:14:47.955 - prepare merge config
[I] 2016-04-11 21:14:47.956 - dump html files
[I] 2016-04-11 21:14:47.959 - dump template files
[I] 2016-04-11 21:14:47.959 - parse input files
[D] 2016-04-11 21:14:47.962 - loading resource /Users/huntbao/youfan-todoweb-sample/src/main/webapp/WEB-INF/views/common/config.ftl
[D] 2016-04-11 21:14:47.962 - loading resource /Users/huntbao/youfan-todoweb-sample/src/main/webapp/WEB-INF/views/common/macro.ftl
[D] 2016-04-11 21:14:47.963 - loading resource /Users/huntbao/youfan-todoweb-sample/src/main/webapp/WEB-INF/views/pages/index.ftl
[D] 2016-04-11 21:14:47.963 - loading resource /Users/huntbao/youfan-todoweb-sample/src/main/webapp/WEB-INF/views/pages/login.ftl
[D] 2016-04-11 21:14:47.965 - parse resource /Users/huntbao/youfan-todoweb-sample/src/main/webapp/WEB-INF/views/common/config.ftl
[D] 2016-04-11 21:14:47.969 - parse resource /Users/huntbao/youfan-todoweb-sample/src/main/webapp/WEB-INF/views/common/macro.ftl
[D] 2016-04-11 21:14:47.972 - loading resource /Users/huntbao/youfan-todoweb-sample/src/main/webapp/src/css/base.css
[D] 2016-04-11 21:14:47.972 - parse resource /Users/huntbao/youfan-todoweb-sample/src/main/webapp/WEB-INF/views/pages/index.ftl
[D] 2016-04-11 21:14:47.976 - loading resource /Users/huntbao/youfan-todoweb-sample/src/main/webapp/src/css/pages/index.bundle.css
[D] 2016-04-11 21:14:47.977 - loading resource /Users/huntbao/youfan-todoweb-sample/src/main/webapp/src/css/pages/index.css
[D] 2016-04-11 21:14:47.977 - loading resource /Users/huntbao/youfan-todoweb-sample/src/main/webapp/src/css/pages/login.css
[D] 2016-04-11 21:14:47.980 - loading resource /usr/local/lib/node_modules/nej/lib/script/nej/define.js
[D] 2016-04-11 21:14:47.980 - loading resource /Users/huntbao/youfan-todoweb-sample/src/main/webapp/src/javascript/pages/common.js
[D] 2016-04-11 21:14:47.981 - loading resource /Users/huntbao/youfan-todoweb-sample/src/main/webapp/src/javascript/pages/index.bundle.js
[D] 2016-04-11 21:14:47.982 - parse resource /Users/huntbao/youfan-todoweb-sample/src/main/webapp/WEB-INF/views/pages/inline-1460380487859
[D] 2016-04-11 21:14:47.988 - cache nej dependency /Users/huntbao/youfan-todoweb-sample/src/main/webapp/WEB-INF/views/pages/inline-1460380487859 -> ["/usr/local/lib/node_modules/nej/lib/script/nej/define.js",{"uri":"/Users/huntbao/youfan-todoweb-sample/src/main/webapp/src/javascript/pages/index.js"},{"uri":"/Users/huntbao/youfan-todoweb-sample/src/main/webapp/src/javascript/pages/login.js"}]
[D] 2016-04-11 21:14:47.989 - loading resource /Users/huntbao/youfan-todoweb-sample/src/main/webapp/src/javascript/pages/index.js
[D] 2016-04-11 21:14:47.989 - loading resource /Users/huntbao/youfan-todoweb-sample/src/main/webapp/src/javascript/pages/login.js
[D] 2016-04-11 21:14:47.989 - parse resource /Users/huntbao/youfan-todoweb-sample/src/main/webapp/WEB-INF/views/pages/login.ftl
[W] 2016-04-11 21:14:47.991 - auto set nej define.js -> /src/javascript/lib/nej/define.js
[D] 2016-04-11 21:14:47.993 - loading resource /Users/huntbao/youfan-todoweb-sample/src/main/webapp/src/css/pages/login.bundle.css
[D] 2016-04-11 21:14:47.994 - loading resource /Users/huntbao/youfan-todoweb-sample/src/main/webapp/src/javascript/pages/login.bundle.js
[D] 2016-04-11 21:14:47.995 - parse resource /Users/huntbao/youfan-todoweb-sample/src/main/webapp/WEB-INF/views/pages/inline-1460380487860
[D] 2016-04-11 21:14:47.997 - cache nej dependency /Users/huntbao/youfan-todoweb-sample/src/main/webapp/WEB-INF/views/pages/inline-1460380487860 -> ["/usr/local/lib/node_modules/nej/lib/script/nej/define.js",{"uri":"/Users/huntbao/youfan-todoweb-sample/src/main/webapp/src/javascript/pages/login.js"}]
[D] 2016-04-11 21:14:47.999 - parse resource /Users/huntbao/youfan-todoweb-sample/src/main/webapp/src/css/base.css
[D] 2016-04-11 21:14:48.013 - parse resource /Users/huntbao/youfan-todoweb-sample/src/main/webapp/src/css/pages/index.bundle.css
[D] 2016-04-11 21:14:48.018 - parse resource /Users/huntbao/youfan-todoweb-sample/src/main/webapp/src/css/pages/index.css
[D] 2016-04-11 21:14:48.018 - parse resource /Users/huntbao/youfan-todoweb-sample/src/main/webapp/src/css/pages/login.css
[D] 2016-04-11 21:14:48.019 - parse resource /Users/huntbao/youfan-todoweb-sample/src/main/webapp/src/javascript/pages/index.js
[D] 2016-04-11 21:14:48.021 - cache nej dependency /Users/huntbao/youfan-todoweb-sample/src/main/webapp/src/javascript/pages/index.js -> ["/usr/local/lib/node_modules/nej/lib/script/nej/define.js",{"uri":"/Users/huntbao/youfan-todoweb-sample/src/main/webapp/src/javascript/lib/nej/src/base/klass.js"},{"uri":"/Users/huntbao/youfan-todoweb-sample/src/main/webapp/src/javascript/widget/module.js"}]
[D] 2016-04-11 21:14:48.022 - loading resource /Users/huntbao/youfan-todoweb-sample/src/main/webapp/src/javascript/lib/nej/src/base/klass.js
[D] 2016-04-11 21:14:48.022 - loading resource /Users/huntbao/youfan-todoweb-sample/src/main/webapp/src/javascript/widget/module.js
[D] 2016-04-11 21:14:48.022 - parse resource /Users/huntbao/youfan-todoweb-sample/src/main/webapp/src/javascript/pages/common.js
[D] 2016-04-11 21:14:48.026 - parse resource /Users/huntbao/youfan-todoweb-sample/src/main/webapp/src/javascript/pages/login.js
[D] 2016-04-11 21:14:48.027 - cache nej dependency /Users/huntbao/youfan-todoweb-sample/src/main/webapp/src/javascript/pages/login.js -> ["/usr/local/lib/node_modules/nej/lib/script/nej/define.js",{"uri":"/Users/huntbao/youfan-todoweb-sample/src/main/webapp/src/javascript/lib/nej/src/base/klass.js"},{"uri":"/Users/huntbao/youfan-todoweb-sample/src/main/webapp/src/javascript/widget/module.js"},{"uri":"/Users/huntbao/youfan-todoweb-sample/src/main/webapp/src/javascript/lib/nej/src/base/element.js"},{"uri":"/Users/huntbao/youfan-todoweb-sample/src/main/webapp/src/javascript/lib/nej/src/base/event.js"}]
[D] 2016-04-11 21:14:48.028 - loading resource /Users/huntbao/youfan-todoweb-sample/src/main/webapp/src/javascript/lib/nej/src/base/element.js
[D] 2016-04-11 21:14:48.029 - loading resource /Users/huntbao/youfan-todoweb-sample/src/main/webapp/src/javascript/lib/nej/src/base/event.js
[D] 2016-04-11 21:14:48.029 - parse resource /Users/huntbao/youfan-todoweb-sample/src/main/webapp/src/css/pages/login.bundle.css
[D] 2016-04-11 21:14:48.030 - parse resource /Users/huntbao/youfan-todoweb-sample/src/main/webapp/src/javascript/pages/login.bundle.js
[D] 2016-04-11 21:14:48.030 - parse resource /usr/local/lib/node_modules/nej/lib/script/nej/define.js
[D] 2016-04-11 21:14:48.033 - parse resource /Users/huntbao/youfan-todoweb-sample/src/main/webapp/src/javascript/pages/index.bundle.js
[D] 2016-04-11 21:14:48.046 - parse resource /Users/huntbao/youfan-todoweb-sample/src/main/webapp/src/javascript/widget/module.js
[D] 2016-04-11 21:14:48.049 - cache nej dependency /Users/huntbao/youfan-todoweb-sample/src/main/webapp/src/javascript/widget/module.js -> ["/usr/local/lib/node_modules/nej/lib/script/nej/define.js",{"uri":"/Users/huntbao/youfan-todoweb-sample/src/main/webapp/src/javascript/lib/nej/src/base/klass.js"},{"uri":"/Users/huntbao/youfan-todoweb-sample/src/main/webapp/src/javascript/lib/nej/src/util/event.js"}]
[D] 2016-04-11 21:14:48.050 - loading resource /Users/huntbao/youfan-todoweb-sample/src/main/webapp/src/javascript/lib/nej/src/util/event.js
[D] 2016-04-11 21:14:48.050 - parse resource /Users/huntbao/youfan-todoweb-sample/src/main/webapp/src/javascript/lib/nej/src/base/klass.js
[D] 2016-04-11 21:14:48.052 - cache nej dependency /Users/huntbao/youfan-todoweb-sample/src/main/webapp/src/javascript/lib/nej/src/base/klass.js -> ["/usr/local/lib/node_modules/nej/lib/script/nej/define.js",{"uri":"/Users/huntbao/youfan-todoweb-sample/src/main/webapp/src/javascript/lib/nej/src/base/global.js"},{"uri":"/Users/huntbao/youfan-todoweb-sample/src/main/webapp/src/javascript/lib/nej/src/base/platform/util.js","patch":"/Users/huntbao/youfan-todoweb-sample/src/main/webapp/src/javascript/lib/nej/src/base/platform/util.patch.js"}]
[D] 2016-04-11 21:14:48.053 - loading resource /Users/huntbao/youfan-todoweb-sample/src/main/webapp/src/javascript/lib/nej/src/base/global.js
[D] 2016-04-11 21:14:48.053 - loading resource /Users/huntbao/youfan-todoweb-sample/src/main/webapp/src/javascript/lib/nej/src/base/platform/util.js
[D] 2016-04-11 21:14:48.054 - loading resource /Users/huntbao/youfan-todoweb-sample/src/main/webapp/src/javascript/lib/nej/src/base/platform/util.patch.js
[D] 2016-04-11 21:14:48.057 - parse resource /Users/huntbao/youfan-todoweb-sample/src/main/webapp/src/javascript/lib/nej/src/base/element.js
[D] 2016-04-11 21:14:48.063 - cache nej dependency /Users/huntbao/youfan-todoweb-sample/src/main/webapp/src/javascript/lib/nej/src/base/element.js -> ["/usr/local/lib/node_modules/nej/lib/script/nej/define.js",{"uri":"/Users/huntbao/youfan-todoweb-sample/src/main/webapp/src/javascript/lib/nej/src/base/global.js"},{"uri":"/Users/huntbao/youfan-todoweb-sample/src/main/webapp/src/javascript/lib/nej/src/base/constant.js"},{"uri":"/Users/huntbao/youfan-todoweb-sample/src/main/webapp/src/javascript/lib/nej/src/base/util.js"},{"uri":"/Users/huntbao/youfan-todoweb-sample/src/main/webapp/src/javascript/lib/nej/src/base/event.js"},{"uri":"/Users/huntbao/youfan-todoweb-sample/src/main/webapp/src/javascript/lib/nej/src/base/chain.js"},{"uri":"/Users/huntbao/youfan-todoweb-sample/src/main/webapp/src/javascript/lib/nej/src/base/platform/element.js","patch":"/Users/huntbao/youfan-todoweb-sample/src/main/webapp/src/javascript/lib/nej/src/base/platform/element.patch.js"}]
[D] 2016-04-11 21:14:48.065 - loading resource /Users/huntbao/youfan-todoweb-sample/src/main/webapp/src/javascript/lib/nej/src/base/constant.js
[D] 2016-04-11 21:14:48.066 - loading resource /Users/huntbao/youfan-todoweb-sample/src/main/webapp/src/javascript/lib/nej/src/base/util.js
[D] 2016-04-11 21:14:48.067 - loading resource /Users/huntbao/youfan-todoweb-sample/src/main/webapp/src/javascript/lib/nej/src/base/chain.js
[D] 2016-04-11 21:14:48.067 - loading resource /Users/huntbao/youfan-todoweb-sample/src/main/webapp/src/javascript/lib/nej/src/base/platform/element.js
[D] 2016-04-11 21:14:48.068 - loading resource /Users/huntbao/youfan-todoweb-sample/src/main/webapp/src/javascript/lib/nej/src/base/platform/element.patch.js
[D] 2016-04-11 21:14:48.069 - parse resource /Users/huntbao/youfan-todoweb-sample/src/main/webapp/src/javascript/lib/nej/src/base/event.js
[D] 2016-04-11 21:14:48.072 - cache nej dependency /Users/huntbao/youfan-todoweb-sample/src/main/webapp/src/javascript/lib/nej/src/base/event.js -> ["/usr/local/lib/node_modules/nej/lib/script/nej/define.js",{"uri":"/Users/huntbao/youfan-todoweb-sample/src/main/webapp/src/javascript/lib/nej/src/base/global.js"},{"uri":"/Users/huntbao/youfan-todoweb-sample/src/main/webapp/src/javascript/lib/nej/src/base/element.js"},{"uri":"/Users/huntbao/youfan-todoweb-sample/src/main/webapp/src/javascript/lib/nej/src/base/util.js"},{"uri":"/Users/huntbao/youfan-todoweb-sample/src/main/webapp/src/javascript/lib/nej/src/base/chain.js"},{"uri":"/Users/huntbao/youfan-todoweb-sample/src/main/webapp/src/javascript/lib/nej/src/base/platform/event.js","patch":"/Users/huntbao/youfan-todoweb-sample/src/main/webapp/src/javascript/lib/nej/src/base/platform/event.patch.js"}]
[D] 2016-04-11 21:14:48.074 - loading resource /Users/huntbao/youfan-todoweb-sample/src/main/webapp/src/javascript/lib/nej/src/base/platform/event.js
[D] 2016-04-11 21:14:48.075 - loading resource /Users/huntbao/youfan-todoweb-sample/src/main/webapp/src/javascript/lib/nej/src/base/platform/event.patch.js
[D] 2016-04-11 21:14:48.077 - parse resource /Users/huntbao/youfan-todoweb-sample/src/main/webapp/src/javascript/lib/nej/src/base/global.js
[D] 2016-04-11 21:14:48.079 - cache nej dependency /Users/huntbao/youfan-todoweb-sample/src/main/webapp/src/javascript/lib/nej/src/base/global.js -> ["/usr/local/lib/node_modules/nej/lib/script/nej/define.js"]
[D] 2016-04-11 21:14:48.080 - parse resource /Users/huntbao/youfan-todoweb-sample/src/main/webapp/src/javascript/lib/nej/src/base/platform/util.js
[D] 2016-04-11 21:14:48.081 - cache nej dependency /Users/huntbao/youfan-todoweb-sample/src/main/webapp/src/javascript/lib/nej/src/base/platform/util.js -> ["/usr/local/lib/node_modules/nej/lib/script/nej/define.js"]
[D] 2016-04-11 21:14:48.082 - parse resource /Users/huntbao/youfan-todoweb-sample/src/main/webapp/src/javascript/lib/nej/src/util/event.js
[D] 2016-04-11 21:14:48.086 - cache nej dependency /Users/huntbao/youfan-todoweb-sample/src/main/webapp/src/javascript/lib/nej/src/util/event.js -> ["/usr/local/lib/node_modules/nej/lib/script/nej/define.js",{"uri":"/Users/huntbao/youfan-todoweb-sample/src/main/webapp/src/javascript/lib/nej/src/base/global.js"},{"uri":"/Users/huntbao/youfan-todoweb-sample/src/main/webapp/src/javascript/lib/nej/src/base/klass.js"},{"uri":"/Users/huntbao/youfan-todoweb-sample/src/main/webapp/src/javascript/lib/nej/src/base/event.js"},{"uri":"/Users/huntbao/youfan-todoweb-sample/src/main/webapp/src/javascript/lib/nej/src/base/util.js"}]
[D] 2016-04-11 21:14:48.086 - parse resource /Users/huntbao/youfan-todoweb-sample/src/main/webapp/src/javascript/lib/nej/src/base/platform/util.patch.js
[D] 2016-04-11 21:14:48.089 - parse nej patch file /Users/huntbao/youfan-todoweb-sample/src/main/webapp/src/javascript/lib/nej/src/base/platform/util.patch.js
[D] 2016-04-11 21:14:48.089 - platform argument name is _m
[D] 2016-04-11 21:14:48.090 - patch expression TR<=4.0 fit to platform 
[D] 2016-04-11 21:14:48.091 - patch merge result []
[D] 2016-04-11 21:14:48.091 - cache nej dependency /Users/huntbao/youfan-todoweb-sample/src/main/webapp/src/javascript/lib/nej/src/base/platform/util.patch.js -> ["/usr/local/lib/node_modules/nej/lib/script/nej/define.js",{"uri":"/Users/huntbao/youfan-todoweb-sample/src/main/webapp/src/javascript/lib/nej/src/base/platform/util.js"},{"uri":"/Users/huntbao/youfan-todoweb-sample/src/main/webapp/src/javascript/lib/nej/src/base/platform.js"}]
[D] 2016-04-11 21:14:48.092 - loading resource /Users/huntbao/youfan-todoweb-sample/src/main/webapp/src/javascript/lib/nej/src/base/platform.js
[D] 2016-04-11 21:14:48.092 - parse resource /Users/huntbao/youfan-todoweb-sample/src/main/webapp/src/javascript/lib/nej/src/base/constant.js
[D] 2016-04-11 21:14:48.094 - cache nej dependency /Users/huntbao/youfan-todoweb-sample/src/main/webapp/src/javascript/lib/nej/src/base/constant.js -> ["/usr/local/lib/node_modules/nej/lib/script/nej/define.js",{"uri":"/Users/huntbao/youfan-todoweb-sample/src/main/webapp/src/javascript/lib/nej/src/base/global.js"},{"uri":"/Users/huntbao/youfan-todoweb-sample/src/main/webapp/src/javascript/lib/nej/src/base/config.js"}]
[D] 2016-04-11 21:14:48.095 - loading resource /Users/huntbao/youfan-todoweb-sample/src/main/webapp/src/javascript/lib/nej/src/base/config.js
[D] 2016-04-11 21:14:48.095 - parse resource /Users/huntbao/youfan-todoweb-sample/src/main/webapp/src/javascript/lib/nej/src/base/chain.js
[D] 2016-04-11 21:14:48.098 - cache nej dependency /Users/huntbao/youfan-todoweb-sample/src/main/webapp/src/javascript/lib/nej/src/base/chain.js -> ["/usr/local/lib/node_modules/nej/lib/script/nej/define.js",{"uri":"/Users/huntbao/youfan-todoweb-sample/src/main/webapp/src/javascript/lib/nej/src/base/util.js"}]
[D] 2016-04-11 21:14:48.103 - parse resource /Users/huntbao/youfan-todoweb-sample/src/main/webapp/src/javascript/lib/nej/src/base/util.js
[D] 2016-04-11 21:14:48.108 - cache nej dependency /Users/huntbao/youfan-todoweb-sample/src/main/webapp/src/javascript/lib/nej/src/base/util.js -> ["/usr/local/lib/node_modules/nej/lib/script/nej/define.js",{"uri":"/Users/huntbao/youfan-todoweb-sample/src/main/webapp/src/javascript/lib/nej/src/base/global.js"},{"uri":"/Users/huntbao/youfan-todoweb-sample/src/main/webapp/src/javascript/lib/nej/src/base/platform/util.js","patch":"/Users/huntbao/youfan-todoweb-sample/src/main/webapp/src/javascript/lib/nej/src/base/platform/util.patch.js"}]
[D] 2016-04-11 21:14:48.109 - parse resource /Users/huntbao/youfan-todoweb-sample/src/main/webapp/src/javascript/lib/nej/src/base/platform/element.js
[D] 2016-04-11 21:14:48.114 - cache nej dependency /Users/huntbao/youfan-todoweb-sample/src/main/webapp/src/javascript/lib/nej/src/base/platform/element.js -> ["/usr/local/lib/node_modules/nej/lib/script/nej/define.js",{"uri":"/Users/huntbao/youfan-todoweb-sample/src/main/webapp/src/javascript/lib/nej/src/base/util.js"},{"uri":"/Users/huntbao/youfan-todoweb-sample/src/main/webapp/src/javascript/lib/nej/src/base/platform.js"}]
[D] 2016-04-11 21:14:48.116 - parse resource /Users/huntbao/youfan-todoweb-sample/src/main/webapp/src/javascript/lib/nej/src/base/platform/element.patch.js
[D] 2016-04-11 21:14:48.121 - parse nej patch file /Users/huntbao/youfan-todoweb-sample/src/main/webapp/src/javascript/lib/nej/src/base/platform/element.patch.js
[D] 2016-04-11 21:14:48.121 - platform argument name is _m
[D] 2016-04-11 21:14:48.122 - patch expression TR fit to platform 
[D] 2016-04-11 21:14:48.122 - patch expression TR<=6.0 fit to platform 
[D] 2016-04-11 21:14:48.122 - patch expression TR<=5.0 fit to platform 
[D] 2016-04-11 21:14:48.122 - patch expression TR<=4.0 fit to platform 
[D] 2016-04-11 21:14:48.123 - patch expression TR<=3.0 fit to platform 
[D] 2016-04-11 21:14:48.123 - patch expression TR<=2.0 fit to platform 
[D] 2016-04-11 21:14:48.123 - patch expression GR fit to platform 
[D] 2016-04-11 21:14:48.123 - patch merge result []
[D] 2016-04-11 21:14:48.124 - cache nej dependency /Users/huntbao/youfan-todoweb-sample/src/main/webapp/src/javascript/lib/nej/src/base/platform/element.patch.js -> ["/usr/local/lib/node_modules/nej/lib/script/nej/define.js",{"uri":"/Users/huntbao/youfan-todoweb-sample/src/main/webapp/src/javascript/lib/nej/src/base/platform/element.js"},{"uri":"/Users/huntbao/youfan-todoweb-sample/src/main/webapp/src/javascript/lib/nej/src/base/platform.js"},{"uri":"/Users/huntbao/youfan-todoweb-sample/src/main/webapp/src/javascript/lib/nej/src/base/util.js"}]
[D] 2016-04-11 21:14:48.128 - parse resource /Users/huntbao/youfan-todoweb-sample/src/main/webapp/src/javascript/lib/nej/src/base/platform/event.js
[D] 2016-04-11 21:14:48.130 - cache nej dependency /Users/huntbao/youfan-todoweb-sample/src/main/webapp/src/javascript/lib/nej/src/base/platform/event.js -> ["/usr/local/lib/node_modules/nej/lib/script/nej/define.js",{"uri":"/Users/huntbao/youfan-todoweb-sample/src/main/webapp/src/javascript/lib/nej/src/base/util.js"},{"uri":"/Users/huntbao/youfan-todoweb-sample/src/main/webapp/src/javascript/lib/nej/src/base/platform.js"}]
[D] 2016-04-11 21:14:48.131 - parse resource /Users/huntbao/youfan-todoweb-sample/src/main/webapp/src/javascript/lib/nej/src/base/platform/event.patch.js
[D] 2016-04-11 21:14:48.134 - parse nej patch file /Users/huntbao/youfan-todoweb-sample/src/main/webapp/src/javascript/lib/nej/src/base/platform/event.patch.js
[D] 2016-04-11 21:14:48.135 - platform argument name is b1460380488134
[D] 2016-04-11 21:14:48.135 - patch expression TR>=6.0 fit to platform 
[D] 2016-04-11 21:14:48.136 - patch expression TR==5.0 fit to platform 
[D] 2016-04-11 21:14:48.136 - patch expression TR>=5.0 fit to platform 
[D] 2016-04-11 21:14:48.136 - patch expression TR<=4.0 fit to platform 
[D] 2016-04-11 21:14:48.137 - patch expression GR fit to platform 
[D] 2016-04-11 21:14:48.137 - patch merge result []
[D] 2016-04-11 21:14:48.137 - cache nej dependency /Users/huntbao/youfan-todoweb-sample/src/main/webapp/src/javascript/lib/nej/src/base/platform/event.patch.js -> ["/usr/local/lib/node_modules/nej/lib/script/nej/define.js",{"uri":"/Users/huntbao/youfan-todoweb-sample/src/main/webapp/src/javascript/lib/nej/src/base/platform.js"},{"uri":"/Users/huntbao/youfan-todoweb-sample/src/main/webapp/src/javascript/lib/nej/src/base/platform/event.js"},{"uri":"/Users/huntbao/youfan-todoweb-sample/src/main/webapp/src/javascript/lib/nej/src/base/util.js"}]
[D] 2016-04-11 21:14:48.138 - parse resource /Users/huntbao/youfan-todoweb-sample/src/main/webapp/src/javascript/lib/nej/src/base/platform.js
[D] 2016-04-11 21:14:48.142 - cache nej dependency /Users/huntbao/youfan-todoweb-sample/src/main/webapp/src/javascript/lib/nej/src/base/platform.js -> ["/usr/local/lib/node_modules/nej/lib/script/nej/define.js",{"uri":"/Users/huntbao/youfan-todoweb-sample/src/main/webapp/src/javascript/lib/nej/src/base/global.js"}]
[D] 2016-04-11 21:14:48.142 - parse resource /Users/huntbao/youfan-todoweb-sample/src/main/webapp/src/javascript/lib/nej/src/base/config.js
[D] 2016-04-11 21:14:48.145 - cache nej dependency /Users/huntbao/youfan-todoweb-sample/src/main/webapp/src/javascript/lib/nej/src/base/config.js -> ["/usr/local/lib/node_modules/nej/lib/script/nej/define.js",{"uri":"/Users/huntbao/youfan-todoweb-sample/src/main/webapp/src/javascript/lib/nej/src/base/global.js"},{"uri":"/Users/huntbao/youfan-todoweb-sample/src/main/webapp/src/javascript/lib/nej/src/base/platform/config.js","patch":"/Users/huntbao/youfan-todoweb-sample/src/main/webapp/src/javascript/lib/nej/src/base/platform/config.patch.js"}]
[D] 2016-04-11 21:14:48.146 - loading resource /Users/huntbao/youfan-todoweb-sample/src/main/webapp/src/javascript/lib/nej/src/base/platform/config.js
[D] 2016-04-11 21:14:48.146 - loading resource /Users/huntbao/youfan-todoweb-sample/src/main/webapp/src/javascript/lib/nej/src/base/platform/config.patch.js
[D] 2016-04-11 21:14:48.147 - parse resource /Users/huntbao/youfan-todoweb-sample/src/main/webapp/src/javascript/lib/nej/src/base/platform/config.js
[D] 2016-04-11 21:14:48.150 - cache nej dependency /Users/huntbao/youfan-todoweb-sample/src/main/webapp/src/javascript/lib/nej/src/base/platform/config.js -> ["/usr/local/lib/node_modules/nej/lib/script/nej/define.js",{"uri":"/Users/huntbao/youfan-todoweb-sample/src/main/webapp/src/javascript/lib/nej/src/base/global.js"},{"uri":"/Users/huntbao/youfan-todoweb-sample/src/main/webapp/src/javascript/lib/nej/src/base/util.js"}]
[D] 2016-04-11 21:14:48.150 - parse resource /Users/huntbao/youfan-todoweb-sample/src/main/webapp/src/javascript/lib/nej/src/base/platform/config.patch.js
[D] 2016-04-11 21:14:48.164 - parse nej patch file /Users/huntbao/youfan-todoweb-sample/src/main/webapp/src/javascript/lib/nej/src/base/platform/config.patch.js
[D] 2016-04-11 21:14:48.164 - platform argument name is _m
[D] 2016-04-11 21:14:48.165 - patch expression TR fit to platform 
[D] 2016-04-11 21:14:48.165 - patch expression TR<=3.0 fit to platform 
[D] 2016-04-11 21:14:48.166 - patch merge result []
[D] 2016-04-11 21:14:48.166 - cache nej dependency /Users/huntbao/youfan-todoweb-sample/src/main/webapp/src/javascript/lib/nej/src/base/platform/config.patch.js -> ["/usr/local/lib/node_modules/nej/lib/script/nej/define.js",{"uri":"/Users/huntbao/youfan-todoweb-sample/src/main/webapp/src/javascript/lib/nej/src/base/platform/config.js"},{"uri":"/Users/huntbao/youfan-todoweb-sample/src/main/webapp/src/javascript/lib/nej/src/base/platform.js"}]
[D] 2016-04-11 21:14:48.169 - dependencies map -> {"/Users/huntbao/youfan-todoweb-sample/src/main/webapp/WEB-INF/views/pages/inline-1460380487859":["/usr/local/lib/node_modules/nej/lib/script/nej/define.js","/Users/huntbao/youfan-todoweb-sample/src/main/webapp/src/javascript/pages/index.js","/Users/huntbao/youfan-todoweb-sample/src/main/webapp/src/javascript/pages/login.js"],"/Users/huntbao/youfan-todoweb-sample/src/main/webapp/WEB-INF/views/pages/inline-1460380487860":["/usr/local/lib/node_modules/nej/lib/script/nej/define.js","/Users/huntbao/youfan-todoweb-sample/src/main/webapp/src/javascript/pages/login.js"],"/Users/huntbao/youfan-todoweb-sample/src/main/webapp/src/javascript/pages/index.js":["/usr/local/lib/node_modules/nej/lib/script/nej/define.js","/Users/huntbao/youfan-todoweb-sample/src/main/webapp/src/javascript/lib/nej/src/base/klass.js","/Users/huntbao/youfan-todoweb-sample/src/main/webapp/src/javascript/widget/module.js"],"/Users/huntbao/youfan-todoweb-sample/src/main/webapp/src/javascript/pages/login.js":["/usr/local/lib/node_modules/nej/lib/script/nej/define.js","/Users/huntbao/youfan-todoweb-sample/src/main/webapp/src/javascript/lib/nej/src/base/klass.js","/Users/huntbao/youfan-todoweb-sample/src/main/webapp/src/javascript/widget/module.js","/Users/huntbao/youfan-todoweb-sample/src/main/webapp/src/javascript/lib/nej/src/base/element.js","/Users/huntbao/youfan-todoweb-sample/src/main/webapp/src/javascript/lib/nej/src/base/event.js"],"/Users/huntbao/youfan-todoweb-sample/src/main/webapp/src/javascript/widget/module.js":["/usr/local/lib/node_modules/nej/lib/script/nej/define.js","/Users/huntbao/youfan-todoweb-sample/src/main/webapp/src/javascript/lib/nej/src/base/klass.js","/Users/huntbao/youfan-todoweb-sample/src/main/webapp/src/javascript/lib/nej/src/util/event.js"],"/Users/huntbao/youfan-todoweb-sample/src/main/webapp/src/javascript/lib/nej/src/base/klass.js":["/usr/local/lib/node_modules/nej/lib/script/nej/define.js","/Users/huntbao/youfan-todoweb-sample/src/main/webapp/src/javascript/lib/nej/src/base/global.js","/Users/huntbao/youfan-todoweb-sample/src/main/webapp/src/javascript/lib/nej/src/base/platform/util.patch.js"],"/Users/huntbao/youfan-todoweb-sample/src/main/webapp/src/javascript/lib/nej/src/base/element.js":["/usr/local/lib/node_modules/nej/lib/script/nej/define.js","/Users/huntbao/youfan-todoweb-sample/src/main/webapp/src/javascript/lib/nej/src/base/global.js","/Users/huntbao/youfan-todoweb-sample/src/main/webapp/src/javascript/lib/nej/src/base/constant.js","/Users/huntbao/youfan-todoweb-sample/src/main/webapp/src/javascript/lib/nej/src/base/util.js","/Users/huntbao/youfan-todoweb-sample/src/main/webapp/src/javascript/lib/nej/src/base/event.js","/Users/huntbao/youfan-todoweb-sample/src/main/webapp/src/javascript/lib/nej/src/base/chain.js","/Users/huntbao/youfan-todoweb-sample/src/main/webapp/src/javascript/lib/nej/src/base/platform/element.patch.js"],"/Users/huntbao/youfan-todoweb-sample/src/main/webapp/src/javascript/lib/nej/src/base/event.js":["/usr/local/lib/node_modules/nej/lib/script/nej/define.js","/Users/huntbao/youfan-todoweb-sample/src/main/webapp/src/javascript/lib/nej/src/base/global.js","/Users/huntbao/youfan-todoweb-sample/src/main/webapp/src/javascript/lib/nej/src/base/element.js","/Users/huntbao/youfan-todoweb-sample/src/main/webapp/src/javascript/lib/nej/src/base/util.js","/Users/huntbao/youfan-todoweb-sample/src/main/webapp/src/javascript/lib/nej/src/base/chain.js","/Users/huntbao/youfan-todoweb-sample/src/main/webapp/src/javascript/lib/nej/src/base/platform/event.patch.js"],"/Users/huntbao/youfan-todoweb-sample/src/main/webapp/src/javascript/lib/nej/src/base/global.js":["/usr/local/lib/node_modules/nej/lib/script/nej/define.js"],"/Users/huntbao/youfan-todoweb-sample/src/main/webapp/src/javascript/lib/nej/src/base/platform/util.js":["/usr/local/lib/node_modules/nej/lib/script/nej/define.js"],"/Users/huntbao/youfan-todoweb-sample/src/main/webapp/src/javascript/lib/nej/src/util/event.js":["/usr/local/lib/node_modules/nej/lib/script/nej/define.js","/Users/huntbao/youfan-todoweb-sample/src/main/webapp/src/javascript/lib/nej/src/base/global.js","/Users/huntbao/youfan-todoweb-sample/src/main/webapp/src/javascript/lib/nej/src/base/klass.js","/Users/huntbao/youfan-todoweb-sample/src/main/webapp/src/javascript/lib/nej/src/base/event.js","/Users/huntbao/youfan-todoweb-sample/src/main/webapp/src/javascript/lib/nej/src/base/util.js"],"/Users/huntbao/youfan-todoweb-sample/src/main/webapp/src/javascript/lib/nej/src/base/platform/util.patch.js":["/usr/local/lib/node_modules/nej/lib/script/nej/define.js","/Users/huntbao/youfan-todoweb-sample/src/main/webapp/src/javascript/lib/nej/src/base/platform/util.js","/Users/huntbao/youfan-todoweb-sample/src/main/webapp/src/javascript/lib/nej/src/base/platform.js"],"/Users/huntbao/youfan-todoweb-sample/src/main/webapp/src/javascript/lib/nej/src/base/constant.js":["/usr/local/lib/node_modules/nej/lib/script/nej/define.js","/Users/huntbao/youfan-todoweb-sample/src/main/webapp/src/javascript/lib/nej/src/base/global.js","/Users/huntbao/youfan-todoweb-sample/src/main/webapp/src/javascript/lib/nej/src/base/config.js"],"/Users/huntbao/youfan-todoweb-sample/src/main/webapp/src/javascript/lib/nej/src/base/chain.js":["/usr/local/lib/node_modules/nej/lib/script/nej/define.js","/Users/huntbao/youfan-todoweb-sample/src/main/webapp/src/javascript/lib/nej/src/base/util.js"],"/Users/huntbao/youfan-todoweb-sample/src/main/webapp/src/javascript/lib/nej/src/base/util.js":["/usr/local/lib/node_modules/nej/lib/script/nej/define.js","/Users/huntbao/youfan-todoweb-sample/src/main/webapp/src/javascript/lib/nej/src/base/global.js","/Users/huntbao/youfan-todoweb-sample/src/main/webapp/src/javascript/lib/nej/src/base/platform/util.patch.js"],"/Users/huntbao/youfan-todoweb-sample/src/main/webapp/src/javascript/lib/nej/src/base/platform/element.js":["/usr/local/lib/node_modules/nej/lib/script/nej/define.js","/Users/huntbao/youfan-todoweb-sample/src/main/webapp/src/javascript/lib/nej/src/base/util.js","/Users/huntbao/youfan-todoweb-sample/src/main/webapp/src/javascript/lib/nej/src/base/platform.js"],"/Users/huntbao/youfan-todoweb-sample/src/main/webapp/src/javascript/lib/nej/src/base/platform/element.patch.js":["/usr/local/lib/node_modules/nej/lib/script/nej/define.js","/Users/huntbao/youfan-todoweb-sample/src/main/webapp/src/javascript/lib/nej/src/base/platform/element.js","/Users/huntbao/youfan-todoweb-sample/src/main/webapp/src/javascript/lib/nej/src/base/platform.js","/Users/huntbao/youfan-todoweb-sample/src/main/webapp/src/javascript/lib/nej/src/base/util.js"],"/Users/huntbao/youfan-todoweb-sample/src/main/webapp/src/javascript/lib/nej/src/base/platform/event.js":["/usr/local/lib/node_modules/nej/lib/script/nej/define.js","/Users/huntbao/youfan-todoweb-sample/src/main/webapp/src/javascript/lib/nej/src/base/util.js","/Users/huntbao/youfan-todoweb-sample/src/main/webapp/src/javascript/lib/nej/src/base/platform.js"],"/Users/huntbao/youfan-todoweb-sample/src/main/webapp/src/javascript/lib/nej/src/base/platform/event.patch.js":["/usr/local/lib/node_modules/nej/lib/script/nej/define.js","/Users/huntbao/youfan-todoweb-sample/src/main/webapp/src/javascript/lib/nej/src/base/platform.js","/Users/huntbao/youfan-todoweb-sample/src/main/webapp/src/javascript/lib/nej/src/base/platform/event.js","/Users/huntbao/youfan-todoweb-sample/src/main/webapp/src/javascript/lib/nej/src/base/util.js"],"/Users/huntbao/youfan-todoweb-sample/src/main/webapp/src/javascript/lib/nej/src/base/platform.js":["/usr/local/lib/node_modules/nej/lib/script/nej/define.js","/Users/huntbao/youfan-todoweb-sample/src/main/webapp/src/javascript/lib/nej/src/base/global.js"],"/Users/huntbao/youfan-todoweb-sample/src/main/webapp/src/javascript/lib/nej/src/base/config.js":["/usr/local/lib/node_modules/nej/lib/script/nej/define.js","/Users/huntbao/youfan-todoweb-sample/src/main/webapp/src/javascript/lib/nej/src/base/global.js","/Users/huntbao/youfan-todoweb-sample/src/main/webapp/src/javascript/lib/nej/src/base/platform/config.patch.js"],"/Users/huntbao/youfan-todoweb-sample/src/main/webapp/src/javascript/lib/nej/src/base/platform/config.js":["/usr/local/lib/node_modules/nej/lib/script/nej/define.js","/Users/huntbao/youfan-todoweb-sample/src/main/webapp/src/javascript/lib/nej/src/base/global.js","/Users/huntbao/youfan-todoweb-sample/src/main/webapp/src/javascript/lib/nej/src/base/util.js"],"/Users/huntbao/youfan-todoweb-sample/src/main/webapp/src/javascript/lib/nej/src/base/platform/config.patch.js":["/usr/local/lib/node_modules/nej/lib/script/nej/define.js","/Users/huntbao/youfan-todoweb-sample/src/main/webapp/src/javascript/lib/nej/src/base/platform/config.js","/Users/huntbao/youfan-todoweb-sample/src/main/webapp/src/javascript/lib/nej/src/base/platform.js"]}
[I] 2016-04-11 21:14:48.178 - merge core list
[D] 2016-04-11 21:14:48.179 - core style list -> []
[D] 2016-04-11 21:14:48.179 - script used in file /Users/huntbao/youfan-todoweb-sample/src/main/webapp/WEB-INF/views/common/config.ftl is []
[D] 2016-04-11 21:14:48.180 - script used in file /Users/huntbao/youfan-todoweb-sample/src/main/webapp/WEB-INF/views/common/macro.ftl is []
[D] 2016-04-11 21:14:48.180 - script used in file /Users/huntbao/youfan-todoweb-sample/src/main/webapp/WEB-INF/views/pages/index.ftl is ["/usr/local/lib/node_modules/nej/lib/script/nej/define.js","/Users/huntbao/youfan-todoweb-sample/src/main/webapp/src/javascript/pages/common.js","/Users/huntbao/youfan-todoweb-sample/src/main/webapp/src/javascript/pages/index.bundle.js","/Users/huntbao/youfan-todoweb-sample/src/main/webapp/src/javascript/lib/nej/src/base/global.js","/Users/huntbao/youfan-todoweb-sample/src/main/webapp/src/javascript/lib/nej/src/base/platform/util.js","/Users/huntbao/youfan-todoweb-sample/src/main/webapp/src/javascript/lib/nej/src/base/platform.js","/Users/huntbao/youfan-todoweb-sample/src/main/webapp/src/javascript/lib/nej/src/base/platform/util.patch.js","/Users/huntbao/youfan-todoweb-sample/src/main/webapp/src/javascript/lib/nej/src/base/klass.js","/Users/huntbao/youfan-todoweb-sample/src/main/webapp/src/javascript/lib/nej/src/base/util.js","/Users/huntbao/youfan-todoweb-sample/src/main/webapp/src/javascript/lib/nej/src/base/platform/config.js","/Users/huntbao/youfan-todoweb-sample/src/main/webapp/src/javascript/lib/nej/src/base/platform/config.patch.js","/Users/huntbao/youfan-todoweb-sample/src/main/webapp/src/javascript/lib/nej/src/base/config.js","/Users/huntbao/youfan-todoweb-sample/src/main/webapp/src/javascript/lib/nej/src/base/constant.js","/Users/huntbao/youfan-todoweb-sample/src/main/webapp/src/javascript/lib/nej/src/base/chain.js","/Users/huntbao/youfan-todoweb-sample/src/main/webapp/src/javascript/lib/nej/src/base/platform/element.js","/Users/huntbao/youfan-todoweb-sample/src/main/webapp/src/javascript/lib/nej/src/base/platform/element.patch.js","/Users/huntbao/youfan-todoweb-sample/src/main/webapp/src/javascript/lib/nej/src/base/element.js","/Users/huntbao/youfan-todoweb-sample/src/main/webapp/src/javascript/lib/nej/src/base/platform/event.js","/Users/huntbao/youfan-todoweb-sample/src/main/webapp/src/javascript/lib/nej/src/base/platform/event.patch.js","/Users/huntbao/youfan-todoweb-sample/src/main/webapp/src/javascript/lib/nej/src/base/event.js","/Users/huntbao/youfan-todoweb-sample/src/main/webapp/src/javascript/lib/nej/src/util/event.js","/Users/huntbao/youfan-todoweb-sample/src/main/webapp/src/javascript/widget/module.js","/Users/huntbao/youfan-todoweb-sample/src/main/webapp/src/javascript/pages/index.js","/Users/huntbao/youfan-todoweb-sample/src/main/webapp/src/javascript/pages/login.js","/Users/huntbao/youfan-todoweb-sample/src/main/webapp/WEB-INF/views/pages/inline-1460380487859"]
[D] 2016-04-11 21:14:48.181 - script used in file /Users/huntbao/youfan-todoweb-sample/src/main/webapp/WEB-INF/views/pages/login.ftl is ["/usr/local/lib/node_modules/nej/lib/script/nej/define.js","/Users/huntbao/youfan-todoweb-sample/src/main/webapp/src/javascript/pages/common.js","/Users/huntbao/youfan-todoweb-sample/src/main/webapp/src/javascript/pages/login.bundle.js","/Users/huntbao/youfan-todoweb-sample/src/main/webapp/src/javascript/lib/nej/src/base/global.js","/Users/huntbao/youfan-todoweb-sample/src/main/webapp/src/javascript/lib/nej/src/base/platform/util.js","/Users/huntbao/youfan-todoweb-sample/src/main/webapp/src/javascript/lib/nej/src/base/platform.js","/Users/huntbao/youfan-todoweb-sample/src/main/webapp/src/javascript/lib/nej/src/base/platform/util.patch.js","/Users/huntbao/youfan-todoweb-sample/src/main/webapp/src/javascript/lib/nej/src/base/klass.js","/Users/huntbao/youfan-todoweb-sample/src/main/webapp/src/javascript/lib/nej/src/base/util.js","/Users/huntbao/youfan-todoweb-sample/src/main/webapp/src/javascript/lib/nej/src/base/platform/config.js","/Users/huntbao/youfan-todoweb-sample/src/main/webapp/src/javascript/lib/nej/src/base/platform/config.patch.js","/Users/huntbao/youfan-todoweb-sample/src/main/webapp/src/javascript/lib/nej/src/base/config.js","/Users/huntbao/youfan-todoweb-sample/src/main/webapp/src/javascript/lib/nej/src/base/constant.js","/Users/huntbao/youfan-todoweb-sample/src/main/webapp/src/javascript/lib/nej/src/base/chain.js","/Users/huntbao/youfan-todoweb-sample/src/main/webapp/src/javascript/lib/nej/src/base/platform/element.js","/Users/huntbao/youfan-todoweb-sample/src/main/webapp/src/javascript/lib/nej/src/base/platform/element.patch.js","/Users/huntbao/youfan-todoweb-sample/src/main/webapp/src/javascript/lib/nej/src/base/element.js","/Users/huntbao/youfan-todoweb-sample/src/main/webapp/src/javascript/lib/nej/src/base/platform/event.js","/Users/huntbao/youfan-todoweb-sample/src/main/webapp/src/javascript/lib/nej/src/base/platform/event.patch.js","/Users/huntbao/youfan-todoweb-sample/src/main/webapp/src/javascript/lib/nej/src/base/event.js","/Users/huntbao/youfan-todoweb-sample/src/main/webapp/src/javascript/lib/nej/src/util/event.js","/Users/huntbao/youfan-todoweb-sample/src/main/webapp/src/javascript/widget/module.js","/Users/huntbao/youfan-todoweb-sample/src/main/webapp/src/javascript/pages/login.js","/Users/huntbao/youfan-todoweb-sample/src/main/webapp/WEB-INF/views/pages/inline-1460380487860"]
[D] 2016-04-11 21:14:48.182 - core script list -> ["/usr/local/lib/node_modules/nej/lib/script/nej/define.js","/Users/huntbao/youfan-todoweb-sample/src/main/webapp/src/javascript/pages/common.js","/Users/huntbao/youfan-todoweb-sample/src/main/webapp/src/javascript/lib/nej/src/base/global.js","/Users/huntbao/youfan-todoweb-sample/src/main/webapp/src/javascript/lib/nej/src/base/platform/util.js","/Users/huntbao/youfan-todoweb-sample/src/main/webapp/src/javascript/lib/nej/src/base/platform.js","/Users/huntbao/youfan-todoweb-sample/src/main/webapp/src/javascript/lib/nej/src/base/platform/util.patch.js","/Users/huntbao/youfan-todoweb-sample/src/main/webapp/src/javascript/lib/nej/src/base/klass.js","/Users/huntbao/youfan-todoweb-sample/src/main/webapp/src/javascript/lib/nej/src/base/util.js","/Users/huntbao/youfan-todoweb-sample/src/main/webapp/src/javascript/lib/nej/src/base/platform/config.js","/Users/huntbao/youfan-todoweb-sample/src/main/webapp/src/javascript/lib/nej/src/base/platform/config.patch.js","/Users/huntbao/youfan-todoweb-sample/src/main/webapp/src/javascript/lib/nej/src/base/config.js","/Users/huntbao/youfan-todoweb-sample/src/main/webapp/src/javascript/lib/nej/src/base/constant.js","/Users/huntbao/youfan-todoweb-sample/src/main/webapp/src/javascript/lib/nej/src/base/chain.js","/Users/huntbao/youfan-todoweb-sample/src/main/webapp/src/javascript/lib/nej/src/base/platform/element.js","/Users/huntbao/youfan-todoweb-sample/src/main/webapp/src/javascript/lib/nej/src/base/platform/element.patch.js","/Users/huntbao/youfan-todoweb-sample/src/main/webapp/src/javascript/lib/nej/src/base/element.js","/Users/huntbao/youfan-todoweb-sample/src/main/webapp/src/javascript/lib/nej/src/base/platform/event.js","/Users/huntbao/youfan-todoweb-sample/src/main/webapp/src/javascript/lib/nej/src/base/platform/event.patch.js","/Users/huntbao/youfan-todoweb-sample/src/main/webapp/src/javascript/lib/nej/src/base/event.js","/Users/huntbao/youfan-todoweb-sample/src/main/webapp/src/javascript/lib/nej/src/util/event.js","/Users/huntbao/youfan-todoweb-sample/src/main/webapp/src/javascript/widget/module.js","/Users/huntbao/youfan-todoweb-sample/src/main/webapp/src/javascript/pages/login.js"]
[I] 2016-04-11 21:14:48.183 - sort input files by module dependency
[D] 2016-04-11 21:14:48.184 - page list order by module dependency is ["/Users/huntbao/youfan-todoweb-sample/src/main/webapp/WEB-INF/views/common/config.ftl","/Users/huntbao/youfan-todoweb-sample/src/main/webapp/WEB-INF/views/common/macro.ftl","/Users/huntbao/youfan-todoweb-sample/src/main/webapp/WEB-INF/views/pages/index.ftl","/Users/huntbao/youfan-todoweb-sample/src/main/webapp/WEB-INF/views/pages/login.ftl"]
[I] 2016-04-11 21:14:48.184 - split core from input files
[D] 2016-04-11 21:14:48.185 - pt_common_macro.css -> ["/Users/huntbao/youfan-todoweb-sample/src/main/webapp/src/css/base.css"]
[D] 2016-04-11 21:14:48.185 - pt_pages_index.css -> ["/Users/huntbao/youfan-todoweb-sample/src/main/webapp/src/css/pages/index.bundle.css","/Users/huntbao/youfan-todoweb-sample/src/main/webapp/src/css/pages/index.css","/Users/huntbao/youfan-todoweb-sample/src/main/webapp/src/css/pages/login.css"]
[D] 2016-04-11 21:14:48.186 - pt_pages_index.js -> ["/Users/huntbao/youfan-todoweb-sample/src/main/webapp/src/javascript/pages/index.bundle.js","/Users/huntbao/youfan-todoweb-sample/src/main/webapp/src/javascript/pages/index.js","/Users/huntbao/youfan-todoweb-sample/src/main/webapp/WEB-INF/views/pages/inline-1460380487859"]
[D] 2016-04-11 21:14:48.186 - pt_pages_login.css -> ["/Users/huntbao/youfan-todoweb-sample/src/main/webapp/src/css/pages/login.bundle.css","/Users/huntbao/youfan-todoweb-sample/src/main/webapp/src/css/pages/login.css"]
[D] 2016-04-11 21:14:48.186 - pt_pages_login.js -> ["/Users/huntbao/youfan-todoweb-sample/src/main/webapp/src/javascript/pages/login.bundle.js","/Users/huntbao/youfan-todoweb-sample/src/main/webapp/WEB-INF/views/pages/inline-1460380487860"]
[I] 2016-04-11 21:14:48.187 - minify script
[D] 2016-04-11 21:14:50.453 - output script name bags to /Users/huntbao/youfan-todoweb-sample/deploy/names.json
[I] 2016-04-11 21:14:50.455 - embed resources to input files
[I] 2016-04-11 21:14:50.458 - output files
[D] 2016-04-11 21:14:50.467 - output file /Users/huntbao/youfan-todoweb-sample/src/main/webapp/r/core.js
[D] 2016-04-11 21:14:50.475 - output file /Users/huntbao/youfan-todoweb-sample/src/main/webapp/r/pt_pages_index.js
[D] 2016-04-11 21:14:50.475 - output file /Users/huntbao/youfan-todoweb-sample/src/main/webapp/r/core.js
[D] 2016-04-11 21:14:50.476 - output file /Users/huntbao/youfan-todoweb-sample/src/main/webapp/r/pt_pages_login.js
[D] 2016-04-11 21:14:50.476 - output file /Users/huntbao/youfan-todoweb-sample/src/main/webapp/WEB-INF/views.out/common/config.ftl
[D] 2016-04-11 21:14:50.477 - output file /Users/huntbao/youfan-todoweb-sample/src/main/webapp/WEB-INF/views.out/common/macro.ftl
[D] 2016-04-11 21:14:50.477 - output file /Users/huntbao/youfan-todoweb-sample/src/main/webapp/WEB-INF/views.out/pages/index.ftl
[D] 2016-04-11 21:14:50.477 - output file /Users/huntbao/youfan-todoweb-sample/src/main/webapp/WEB-INF/views.out/pages/login.ftl
[D] 2016-04-11 21:14:50.481 - version map -> {"/r/core.js":"fbf79e5a0505b6b795117aa5252656fe","/r/pt_pages_index.js":"25cdd2d0ba367843a37d241777e1aab3","/r/pt_pages_login.js":"b4db2b03ef743b55bf1a6dc50d8f19f9"}
[D] 2016-04-11 21:14:50.481 - file key map -> {"/Users/huntbao/youfan-todoweb-sample/src/main/webapp/src/javascript/pages/index.js":1,"/Users/huntbao/youfan-todoweb-sample/src/main/webapp/src/javascript/pages/login.js":2,"/Users/huntbao/youfan-todoweb-sample/src/main/webapp/WEB-INF/views/pages/inline-1460380487859":3,"/Users/huntbao/youfan-todoweb-sample/src/main/webapp/WEB-INF/views/pages/inline-1460380487860":4,"/Users/huntbao/youfan-todoweb-sample/src/main/webapp/src/javascript/lib/nej/src/base/klass.js":5,"/Users/huntbao/youfan-todoweb-sample/src/main/webapp/src/javascript/widget/module.js":6,"/Users/huntbao/youfan-todoweb-sample/src/main/webapp/src/javascript/lib/nej/src/base/element.js":7,"/Users/huntbao/youfan-todoweb-sample/src/main/webapp/src/javascript/lib/nej/src/base/event.js":8,"/Users/huntbao/youfan-todoweb-sample/src/main/webapp/src/javascript/lib/nej/src/util/event.js":9,"/Users/huntbao/youfan-todoweb-sample/src/main/webapp/src/javascript/lib/nej/src/base/global.js":10,"/Users/huntbao/youfan-todoweb-sample/src/main/webapp/src/javascript/lib/nej/src/base/platform/util.patch.js":11,"/Users/huntbao/youfan-todoweb-sample/src/main/webapp/src/javascript/lib/nej/src/base/constant.js":12,"/Users/huntbao/youfan-todoweb-sample/src/main/webapp/src/javascript/lib/nej/src/base/util.js":13,"/Users/huntbao/youfan-todoweb-sample/src/main/webapp/src/javascript/lib/nej/src/base/chain.js":14,"/Users/huntbao/youfan-todoweb-sample/src/main/webapp/src/javascript/lib/nej/src/base/platform/element.patch.js":15,"/Users/huntbao/youfan-todoweb-sample/src/main/webapp/src/javascript/lib/nej/src/base/platform/event.patch.js":16,"/Users/huntbao/youfan-todoweb-sample/src/main/webapp/src/javascript/lib/nej/src/base/platform/util.js":17,"/Users/huntbao/youfan-todoweb-sample/src/main/webapp/src/javascript/lib/nej/src/base/platform.js":19,"/Users/huntbao/youfan-todoweb-sample/src/main/webapp/src/javascript/lib/nej/src/base/config.js":20,"/Users/huntbao/youfan-todoweb-sample/src/main/webapp/src/javascript/lib/nej/src/base/platform/element.js":21,"/Users/huntbao/youfan-todoweb-sample/src/main/webapp/src/javascript/lib/nej/src/base/platform/event.js":29,"/Users/huntbao/youfan-todoweb-sample/src/main/webapp/src/javascript/lib/nej/src/base/platform/config.patch.js":35,"/Users/huntbao/youfan-todoweb-sample/src/main/webapp/src/javascript/lib/nej/src/base/platform/config.js":36}
[I] 2016-04-11 21:14:50.482 - release done and log file is /Users/huntbao/youfan-todoweb-sample/deploy/20160411211447953.log
